======================================================================
KALSHI VALUE AGENT - RUN LOG
======================================================================

Timestamp: 2025-12-24 18:36:02
Mode: PAPER
Bankroll: $5,000

MARKETS ANALYZED: 64
QUALIFIED TRADES: 9
EXECUTED TRADES: 0

======================================================================
QUALIFIED TRADES DETAILS
======================================================================

#1: KXGDP-26JAN30-T1.0
    Title: Will **real GDP** increase by more than 1.0% in Q4 2025?
    Side: YES
    Consensus: 3/4 models
    Edge: 13.0%
    Confidence: 7.3/10
    True Prob: 0.78
    Market Price: $0.90
    Link: https://kalshi.com/markets/KXGDP-26JAN30-T1.0

#2: KXCPICOMBO-25DEC-0129
    Title: Will CPI be Above 0.1% AND YOYCPI be Above 2.9% for Dec 2025?
    Side: YES
    Consensus: 4/4 models
    Edge: 152.1%
    Confidence: 6.0/10
    True Prob: 0.31
    Market Price: $0.11
    Link: https://kalshi.com/markets/KXCPICOMBO-25DEC-0129

#3: KXCPICOMBO-25DEC-027
    Title: Will CPI be Above 0% AND YOYCPI be Above 2.7% for Dec 2025?
    Side: YES
    Consensus: 3/4 models
    Edge: 40.6%
    Confidence: 6.3/10
    True Prob: 0.45
    Market Price: $0.32
    Link: https://kalshi.com/markets/KXCPICOMBO-25DEC-027

#4: KXCPI-25DEC-T0.2
    Title: Will CPI rise more than 0.2% in December 2025?
    Side: YES
    Consensus: 3/3 models
    Edge: 30.4%
    Confidence: 6.7/10
    True Prob: 0.60
    Market Price: $0.46
    Link: https://kalshi.com/markets/KXCPI-25DEC-T0.2

#5: KXGDP-26JAN30-T1.5
    Title: Will **real GDP** increase by more than 1.5% in Q4 2025?
    Side: YES
    Consensus: 3/4 models
    Edge: 8.7%
    Confidence: 7.3/10
    True Prob: 0.77
    Market Price: $0.81
    Link: https://kalshi.com/markets/KXGDP-26JAN30-T1.5

#6: KXGDP-26JAN30-T2.5
    Title: Will **real GDP** increase by more than 2.5% in Q4 2025?
    Side: YES
    Consensus: 4/4 models
    Edge: 20.7%
    Confidence: 6.8/10
    True Prob: 0.57
    Market Price: $0.47
    Link: https://kalshi.com/markets/KXGDP-26JAN30-T2.5

#7: KXCPICOMBO-25DEC-0231
    Title: Will CPI be Above 0.2% AND YOYCPI be Above 3.1% for Dec 2025?
    Side: YES
    Consensus: 3/4 models
    Edge: 291.7%
    Confidence: 6.3/10
    True Prob: 0.16
    Market Price: $0.04
    Link: https://kalshi.com/markets/KXCPICOMBO-25DEC-0231

#8: KXGDP-26JAN30-T1.25
    Title: Will **real GDP** increase by more than 1.25% in Q4 2025?
    Side: YES
    Consensus: 3/3 models
    Edge: 8.6%
    Confidence: 7.3/10
    True Prob: 0.80
    Market Price: $0.83
    Link: https://kalshi.com/markets/KXGDP-26JAN30-T1.25

#9: KXHIGHCHI-25DEC25-B42.5
    Title: Will the high temp in Chicago be 42-43° on Dec 25, 2025?
    Side: YES
    Consensus: 3/3 models
    Edge: 34.4%
    Confidence: 6.0/10
    True Prob: 0.38
    Market Price: $0.32
    Link: https://kalshi.com/markets/KXHIGHCHI-25DEC25-B42.5

======================================================================
CURRENT PORTFOLIO
======================================================================

  KXCPICOMBO-25DEC-027: YES @ $0.35 (681 contracts, $238.35)
  KXCPI-25DEC-T0.2: YES @ $0.45 (525 contracts, $236.25)
  KXGDP-26JAN30-T2.5: YES @ $0.41 (630 contracts, $258.30)
