======================================================================
KALSHI VALUE AGENT - RUN LOG
======================================================================

Timestamp: 2025-12-23 08:32:45
Mode: PAPER
Bankroll: $5,000

MARKETS ANALYZED: 38
QUALIFIED TRADES: 17
EXECUTED TRADES: 0

======================================================================
QUALIFIED TRADES DETAILS
======================================================================

#1: KXGDP-26JAN30-T1.0
    Title: Will **real GDP** increase by more than 1.0% in Q4 2025?
    Side: YES
    Consensus: 3/4 models
    Edge: 10.9%
    Confidence: 7.3/10
    True Prob: 0.77
    Market Price: $0.86
    Link: https://kalshi.com/markets/KXGDP-26JAN30-T1.0

#2: KXCPICOMBO-25DEC-0129
    Title: Will CPI be Above 0.1% AND YOYCPI be Above 2.9% for Dec 2025?
    Side: YES
    Consensus: 3/4 models
    Edge: 150.0%
    Confidence: 6.3/10
    True Prob: 0.20
    Market Price: $0.08
    Link: https://kalshi.com/markets/KXCPICOMBO-25DEC-0129

#3: KXGDP-26JAN30-T2.0
    Title: Will **real GDP** increase by more than 2.0% in Q4 2025?
    Side: YES
    Consensus: 3/4 models
    Edge: 14.1%
    Confidence: 6.7/10
    True Prob: 0.62
    Market Price: $0.54
    Link: https://kalshi.com/markets/KXGDP-26JAN30-T2.0

#4: KXCPI-25DEC-T0.3
    Title: Will CPI rise more than 0.3% in December 2025?
    Side: YES
    Consensus: 3/4 models
    Edge: 116.7%
    Confidence: 6.7/10
    True Prob: 0.25
    Market Price: $0.10
    Link: https://kalshi.com/markets/KXCPI-25DEC-T0.3

#5: KXGDP-26JAN30-T1.5
    Title: Will **real GDP** increase by more than 1.5% in Q4 2025?
    Side: YES
    Consensus: 3/4 models
    Edge: 8.9%
    Confidence: 7.3/10
    True Prob: 0.72
    Market Price: $0.75
    Link: https://kalshi.com/markets/KXGDP-26JAN30-T1.5

#6: KXCPI-25DEC-T0.2
    Title: Will CPI rise more than 0.2% in December 2025?
    Side: YES
    Consensus: 3/3 models
    Edge: 33.3%
    Confidence: 6.7/10
    True Prob: 0.60
    Market Price: $0.45
    Link: https://kalshi.com/markets/KXCPI-25DEC-T0.2

#7: KXGDP-26JAN30-T2.5
    Title: Will **real GDP** increase by more than 2.5% in Q4 2025?
    Side: YES
    Consensus: 4/4 models
    Edge: 36.3%
    Confidence: 6.2/10
    True Prob: 0.47
    Market Price: $0.33
    Link: https://kalshi.com/markets/KXGDP-26JAN30-T2.5

#8: KXGDP-26JAN30-T1.75
    Title: Will **real GDP** increase by more than 1.75% in Q4 2025?
    Side: YES
    Consensus: 4/5 models
    Edge: 12.3%
    Confidence: 6.8/10
    True Prob: 0.72
    Market Price: $0.63
    Link: https://kalshi.com/markets/KXGDP-26JAN30-T1.75

#9: KXJOBLESSCLAIMS-25DEC24-225000
    Title: How many initial jobless claims will there be the week ending Dec 20, 2025?
    Side: YES
    Consensus: 3/3 models
    Edge: 24.8%
    Confidence: 6.3/10
    True Prob: 0.53
    Market Price: $0.46
    Link: https://kalshi.com/markets/KXJOBLESSCLAIMS-25DEC24-225000

#10: KXGDP-26JAN30-T.5
    Title: Will **real GDP** increase by more than 0.5% in Q4 2025?
    Side: YES
    Consensus: 3/4 models
    Edge: 9.7%
    Confidence: 7.3/10
    True Prob: 0.85
    Market Price: $0.91
    Link: https://kalshi.com/markets/KXGDP-26JAN30-T.5

#11: KXCPICOMBO-25DEC-0231
    Title: Will CPI be Above 0.2% AND YOYCPI be Above 3.1% for Dec 2025?
    Side: YES
    Consensus: 3/4 models
    Edge: 274.4%
    Confidence: 6.3/10
    True Prob: 0.12
    Market Price: $0.03
    Link: https://kalshi.com/markets/KXCPICOMBO-25DEC-0231

#12: KXHIGHCHI-25DEC23-T45
    Title: Will the high temp in Chicago be <45° on Dec 23, 2025?
    Side: YES
    Consensus: 3/4 models
    Edge: 128.3%
    Confidence: 6.3/10
    True Prob: 0.38
    Market Price: $0.05
    Link: https://kalshi.com/markets/KXHIGHCHI-25DEC23-T45

#13: KXHIGHCHI-25DEC23-T52
    Title: Will the high temp in Chicago be >52° on Dec 23, 2025?
    Side: YES
    Consensus: 3/3 models
    Edge: 51.7%
    Confidence: 6.0/10
    True Prob: 0.43
    Market Price: $0.15
    Link: https://kalshi.com/markets/KXHIGHCHI-25DEC23-T52

#14: KXJOBLESSCLAIMS-25DEC24-250000
    Title: How many initial jobless claims will there be the week ending Dec 20, 2025?
    Side: NO
    Consensus: 3/3 models
    Edge: 56.2%
    Confidence: 8.0/10
    True Prob: 0.39
    Market Price: $0.91
    Link: https://kalshi.com/markets/KXJOBLESSCLAIMS-25DEC24-250000

#15: KXGDP-26JAN30-T1.25
    Title: Will **real GDP** increase by more than 1.25% in Q4 2025?
    Side: YES
    Consensus: 3/4 models
    Edge: 8.8%
    Confidence: 7.7/10
    True Prob: 0.80
    Market Price: $0.79
    Link: https://kalshi.com/markets/KXGDP-26JAN30-T1.25

#16: KXJOBLESSCLAIMS-25DEC24-260000
    Title: How many initial jobless claims will there be the week ending Dec 20, 2025?
    Side: NO
    Consensus: 3/3 models
    Edge: 93.0%
    Confidence: 8.3/10
    True Prob: 0.05
    Market Price: $0.98
    Link: https://kalshi.com/markets/KXJOBLESSCLAIMS-25DEC24-260000

#17: KXJOBLESSCLAIMS-25DEC24-270000
    Title: How many initial jobless claims will there be the week ending Dec 20, 2025?
    Side: NO
    Consensus: 4/4 models
    Edge: 70.2%
    Confidence: 8.0/10
    True Prob: 0.29
    Market Price: $0.98
    Link: https://kalshi.com/markets/KXJOBLESSCLAIMS-25DEC24-270000

======================================================================
CURRENT PORTFOLIO
======================================================================

  KXGDP-26JAN30-T2.5: YES @ $0.29 (679 contracts, $196.91)
  KXCPICOMBO-25DEC-027: YES @ $0.35 (681 contracts, $238.35)
  KXGDP-26JAN30-T1.75: YES @ $0.62 (445 contracts, $275.90)
  KXCPI-25DEC-T0.2: YES @ $0.45 (525 contracts, $236.25)
