======================================================================
KALSHI VALUE AGENT - RUN LOG
======================================================================

Timestamp: 2025-12-25 18:50:55
Mode: PAPER
Bankroll: $5,000

MARKETS ANALYZED: 34
QUALIFIED TRADES: 10
EXECUTED TRADES: 0

======================================================================
QUALIFIED TRADES DETAILS
======================================================================

#1: KXGDP-26JAN30-T1.0
    Title: Will **real GDP** increase by more than 1.0% in Q4 2025?
    Side: YES
    Consensus: 3/4 models
    Edge: 11.3%
    Confidence: 7.3/10
    True Prob: 0.81
    Market Price: $0.87
    Link: https://kalshi.com/markets/KXGDP-26JAN30-T1.0

#2: KXGDP-26JAN30-T2.0
    Title: Will **real GDP** increase by more than 2.0% in Q4 2025?
    Side: YES
    Consensus: 4/5 models
    Edge: 12.9%
    Confidence: 6.8/10
    True Prob: 0.70
    Market Price: $0.62
    Link: https://kalshi.com/markets/KXGDP-26JAN30-T2.0

#3: KXCPICOMBO-25DEC-0129
    Title: Will CPI be Above 0.1% AND YOYCPI be Above 2.9% for Dec 2025?
    Side: YES
    Consensus: 4/4 models
    Edge: 230.0%
    Confidence: 6.2/10
    True Prob: 0.36
    Market Price: $0.10
    Link: https://kalshi.com/markets/KXCPICOMBO-25DEC-0129

#4: KXCPICOMBO-25DEC-027
    Title: Will CPI be Above 0% AND YOYCPI be Above 2.7% for Dec 2025?
    Side: YES
    Consensus: 3/4 models
    Edge: 40.6%
    Confidence: 6.3/10
    True Prob: 0.45
    Market Price: $0.32
    Link: https://kalshi.com/markets/KXCPICOMBO-25DEC-027

#5: KXGDP-26JAN30-T1.5
    Title: Will **real GDP** increase by more than 1.5% in Q4 2025?
    Side: YES
    Consensus: 3/4 models
    Edge: 11.9%
    Confidence: 7.3/10
    True Prob: 0.73
    Market Price: $0.78
    Link: https://kalshi.com/markets/KXGDP-26JAN30-T1.5

#6: KXGDP-26JAN30-T2.5
    Title: Will **real GDP** increase by more than 2.5% in Q4 2025?
    Side: YES
    Consensus: 4/5 models
    Edge: 28.2%
    Confidence: 6.2/10
    True Prob: 0.50
    Market Price: $0.39
    Link: https://kalshi.com/markets/KXGDP-26JAN30-T2.5

#7: KXCPI-25DEC-T0.1
    Title: Will CPI rise more than 0.1% in December 2025?
    Side: YES
    Consensus: 3/4 models
    Edge: 8.0%
    Confidence: 7.7/10
    True Prob: 0.82
    Market Price: $0.86
    Link: https://kalshi.com/markets/KXCPI-25DEC-T0.1

#8: KXGDP-26JAN30-T0
    Title: Will **real GDP** increase by more than 0% in Q4 2025?
    Side: YES
    Consensus: 3/4 models
    Edge: 8.1%
    Confidence: 7.3/10
    True Prob: 0.87
    Market Price: $0.95
    Link: https://kalshi.com/markets/KXGDP-26JAN30-T0

#9: KXHIGHCHI-25DEC25-T47
    Title: Will the high temp in Chicago be >47° on Dec 25, 2025?
    Side: YES
    Consensus: 3/4 models
    Edge: 816.7%
    Confidence: 7.0/10
    True Prob: 0.18
    Market Price: $0.02
    Link: https://kalshi.com/markets/KXHIGHCHI-25DEC25-T47

#10: KXGDP-26JAN30-T1.25
    Title: Will **real GDP** increase by more than 1.25% in Q4 2025?
    Side: YES
    Consensus: 3/4 models
    Edge: 9.8%
    Confidence: 7.3/10
    True Prob: 0.80
    Market Price: $0.84
    Link: https://kalshi.com/markets/KXGDP-26JAN30-T1.25

======================================================================
CURRENT PORTFOLIO
======================================================================

  KXCPICOMBO-25DEC-027: YES @ $0.35 (681 contracts, $238.35)
  KXGDP-26JAN30-T2.5: YES @ $0.41 (630 contracts, $258.30)
  KXGDP-26JAN30-T3.0: YES @ $0.21 (874 contracts, $183.54)
