======================================================================
KALSHI VALUE AGENT - RUN LOG
======================================================================

Timestamp: 2025-12-23 13:02:01
Mode: PAPER
Bankroll: $5,000

MARKETS ANALYZED: 38
QUALIFIED TRADES: 12
EXECUTED TRADES: 0

======================================================================
QUALIFIED TRADES DETAILS
======================================================================

#1: KXGDP-26JAN30-T1.0
    Title: Will **real GDP** increase by more than 1.0% in Q4 2025?
    Side: YES
    Consensus: 3/4 models
    Edge: 10.9%
    Confidence: 7.3/10
    True Prob: 0.77
    Market Price: $0.86
    Link: https://kalshi.com/markets/KXGDP-26JAN30-T1.0

#2: KXGDP-26JAN30-T1.5
    Title: Will **real GDP** increase by more than 1.5% in Q4 2025?
    Side: YES
    Consensus: 3/4 models
    Edge: 11.1%
    Confidence: 7.3/10
    True Prob: 0.70
    Market Price: $0.75
    Link: https://kalshi.com/markets/KXGDP-26JAN30-T1.5

#3: KXCPI-25DEC-T0.2
    Title: Will CPI rise more than 0.2% in December 2025?
    Side: YES
    Consensus: 4/4 models
    Edge: 31.8%
    Confidence: 6.5/10
    True Prob: 0.58
    Market Price: $0.44
    Link: https://kalshi.com/markets/KXCPI-25DEC-T0.2

#4: KXGDP-26JAN30-T2.5
    Title: Will **real GDP** increase by more than 2.5% in Q4 2025?
    Side: YES
    Consensus: 4/4 models
    Edge: 40.7%
    Confidence: 6.0/10
    True Prob: 0.45
    Market Price: $0.31
    Link: https://kalshi.com/markets/KXGDP-26JAN30-T2.5

#5: KXCPI-25DEC-T0.1
    Title: Will CPI rise more than 0.1% in December 2025?
    Side: YES
    Consensus: 3/4 models
    Edge: 8.9%
    Confidence: 7.7/10
    True Prob: 0.75
    Market Price: $0.75
    Link: https://kalshi.com/markets/KXCPI-25DEC-T0.1

#6: KXGDP-26JAN30-T1.75
    Title: Will **real GDP** increase by more than 1.75% in Q4 2025?
    Side: YES
    Consensus: 4/4 models
    Edge: 11.3%
    Confidence: 7.0/10
    True Prob: 0.71
    Market Price: $0.63
    Link: https://kalshi.com/markets/KXGDP-26JAN30-T1.75

#7: KXJOBLESSCLAIMS-25DEC24-225000
    Title: How many initial jobless claims will there be the week ending Dec 20, 2025?
    Side: YES
    Consensus: 3/3 models
    Edge: 19.4%
    Confidence: 6.0/10
    True Prob: 0.52
    Market Price: $0.46
    Link: https://kalshi.com/markets/KXJOBLESSCLAIMS-25DEC24-225000

#8: KXHIGHCHI-25DEC23-B45.5
    Title: Will the high temp in Chicago be 45-46° on Dec 23, 2025?
    Side: NO
    Consensus: 3/4 models
    Edge: 58.6%
    Confidence: 8.0/10
    True Prob: 0.39
    Market Price: $0.97
    Link: https://kalshi.com/markets/KXHIGHCHI-25DEC23-B45.5

#9: KXJOBLESSCLAIMS-25DEC24-250000
    Title: How many initial jobless claims will there be the week ending Dec 20, 2025?
    Side: NO
    Consensus: 3/3 models
    Edge: 54.4%
    Confidence: 7.7/10
    True Prob: 0.42
    Market Price: $0.85
    Link: https://kalshi.com/markets/KXJOBLESSCLAIMS-25DEC24-250000

#10: KXGDP-26JAN30-T1.25
    Title: Will **real GDP** increase by more than 1.25% in Q4 2025?
    Side: YES
    Consensus: 3/3 models
    Edge: 8.7%
    Confidence: 7.7/10
    True Prob: 0.80
    Market Price: $0.79
    Link: https://kalshi.com/markets/KXGDP-26JAN30-T1.25

#11: KXCPICOMBO-25DEC-0332
    Title: Will CPI be Above 0.3% AND YOYCPI be Above 3.2% for Dec 2025?
    Side: YES
    Consensus: 3/4 models
    Edge: 546.7%
    Confidence: 6.7/10
    True Prob: 0.32
    Market Price: $0.05
    Link: https://kalshi.com/markets/KXCPICOMBO-25DEC-0332

#12: KXJOBLESSCLAIMS-25DEC24-270000
    Title: How many initial jobless claims will there be the week ending Dec 20, 2025?
    Side: NO
    Consensus: 3/3 models
    Edge: 62.3%
    Confidence: 8.0/10
    True Prob: 0.37
    Market Price: $0.98
    Link: https://kalshi.com/markets/KXJOBLESSCLAIMS-25DEC24-270000

======================================================================
CURRENT PORTFOLIO
======================================================================

  KXGDP-26JAN30-T2.5: YES @ $0.29 (679 contracts, $196.91)
  KXCPICOMBO-25DEC-027: YES @ $0.35 (681 contracts, $238.35)
  KXGDP-26JAN30-T1.75: YES @ $0.62 (445 contracts, $275.90)
  KXCPI-25DEC-T0.2: YES @ $0.45 (525 contracts, $236.25)
