======================================================================
KALSHI VALUE AGENT - RUN LOG
======================================================================

Timestamp: 2025-12-24 05:50:16
Mode: PAPER
Bankroll: $5,000

MARKETS ANALYZED: 44
QUALIFIED TRADES: 8
EXECUTED TRADES: 0

======================================================================
QUALIFIED TRADES DETAILS
======================================================================

#1: KXGDP-26JAN30-T2.0
    Title: Will **real GDP** increase by more than 2.0% in Q4 2025?
    Side: YES
    Consensus: 4/5 models
    Edge: 9.9%
    Confidence: 7.0/10
    True Prob: 0.71
    Market Price: $0.64
    Link: https://kalshi.com/markets/KXGDP-26JAN30-T2.0

#2: KXCPICOMBO-25DEC-027
    Title: Will CPI be Above 0% AND YOYCPI be Above 2.7% for Dec 2025?
    Side: YES
    Consensus: 4/4 models
    Edge: 37.1%
    Confidence: 6.8/10
    True Prob: 0.48
    Market Price: $0.35
    Link: https://kalshi.com/markets/KXCPICOMBO-25DEC-027

#3: KXCPI-25DEC-T0.2
    Title: Will CPI rise more than 0.2% in December 2025?
    Side: YES
    Consensus: 3/3 models
    Edge: 30.4%
    Confidence: 6.7/10
    True Prob: 0.60
    Market Price: $0.46
    Link: https://kalshi.com/markets/KXCPI-25DEC-T0.2

#4: KXGDP-26JAN30-T1.5
    Title: Will **real GDP** increase by more than 1.5% in Q4 2025?
    Side: YES
    Consensus: 3/4 models
    Edge: 12.1%
    Confidence: 7.3/10
    True Prob: 0.73
    Market Price: $0.80
    Link: https://kalshi.com/markets/KXGDP-26JAN30-T1.5

#5: KXGDP-26JAN30-T2.5
    Title: Will **real GDP** increase by more than 2.5% in Q4 2025?
    Side: YES
    Consensus: 4/4 models
    Edge: 26.9%
    Confidence: 6.8/10
    True Prob: 0.58
    Market Price: $0.45
    Link: https://kalshi.com/markets/KXGDP-26JAN30-T2.5

#6: KXHIGHCHI-25DEC23-T52
    Title: Will the high temp in Chicago be >52° on Dec 23, 2025?
    Side: NO
    Consensus: 3/4 models
    Edge: 463.3%
    Confidence: 8.3/10
    True Prob: 0.08
    Market Price: $0.01
    Link: https://kalshi.com/markets/KXHIGHCHI-25DEC23-T52

#7: KXHIGHCHI-25DEC24-B40.5
    Title: Will the high temp in Chicago be 40-41° on Dec 24, 2025?
    Side: NO
    Consensus: 3/3 models
    Edge: 29.4%
    Confidence: 8.0/10
    True Prob: 0.38
    Market Price: $0.97
    Link: https://kalshi.com/markets/KXHIGHCHI-25DEC24-B40.5

#8: KXJOBLESSCLAIMS-25DEC24-260000
    Title: How many initial jobless claims will there be the week ending Dec 20, 2025?
    Side: NO
    Consensus: 3/3 models
    Edge: 61.0%
    Confidence: 8.0/10
    True Prob: 0.38
    Market Price: $0.98
    Link: https://kalshi.com/markets/KXJOBLESSCLAIMS-25DEC24-260000

======================================================================
CURRENT PORTFOLIO
======================================================================

  KXCPICOMBO-25DEC-027: YES @ $0.35 (681 contracts, $238.35)
  KXCPI-25DEC-T0.2: YES @ $0.45 (525 contracts, $236.25)
  KXGDP-26JAN30-T2.5: YES @ $0.41 (630 contracts, $258.30)
