======================================================================
KALSHI VALUE AGENT - RUN LOG
======================================================================

Timestamp: 2025-12-25 10:42:08
Mode: PAPER
Bankroll: $5,000

MARKETS ANALYZED: 28
QUALIFIED TRADES: 8
EXECUTED TRADES: 0

======================================================================
QUALIFIED TRADES DETAILS
======================================================================

#1: KXGDP-26JAN30-T1.0
    Title: Will **real GDP** increase by more than 1.0% in Q4 2025?
    Side: YES
    Consensus: 3/4 models
    Edge: 10.9%
    Confidence: 7.3/10
    True Prob: 0.81
    Market Price: $0.86
    Link: https://kalshi.com/markets/KXGDP-26JAN30-T1.0

#2: KXGDP-26JAN30-T2.0
    Title: Will **real GDP** increase by more than 2.0% in Q4 2025?
    Side: YES
    Consensus: 4/5 models
    Edge: 11.7%
    Confidence: 7.0/10
    True Prob: 0.70
    Market Price: $0.62
    Link: https://kalshi.com/markets/KXGDP-26JAN30-T2.0

#3: KXCPICOMBO-25DEC-0129
    Title: Will CPI be Above 0.1% AND YOYCPI be Above 2.9% for Dec 2025?
    Side: YES
    Consensus: 3/3 models
    Edge: 225.0%
    Confidence: 6.3/10
    True Prob: 0.35
    Market Price: $0.10
    Link: https://kalshi.com/markets/KXCPICOMBO-25DEC-0129

#4: KXCPI-25DEC-T0.2
    Title: Will CPI rise more than 0.2% in December 2025?
    Side: YES
    Consensus: 3/3 models
    Edge: 66.7%
    Confidence: 6.3/10
    True Prob: 0.30
    Market Price: $0.18
    Link: https://kalshi.com/markets/KXCPI-25DEC-T0.2

#5: KXGDP-26JAN30-T2.5
    Title: Will **real GDP** increase by more than 2.5% in Q4 2025?
    Side: YES
    Consensus: 4/4 models
    Edge: 23.1%
    Confidence: 6.5/10
    True Prob: 0.57
    Market Price: $0.44
    Link: https://kalshi.com/markets/KXGDP-26JAN30-T2.5

#6: KXGDP-26JAN30-T0
    Title: Will **real GDP** increase by more than 0% in Q4 2025?
    Side: YES
    Consensus: 3/4 models
    Edge: 8.1%
    Confidence: 7.7/10
    True Prob: 0.87
    Market Price: $0.95
    Link: https://kalshi.com/markets/KXGDP-26JAN30-T0

#7: KXCPICOMBO-25DEC-0231
    Title: Will CPI be Above 0.2% AND YOYCPI be Above 3.1% for Dec 2025?
    Side: YES
    Consensus: 3/4 models
    Edge: 316.7%
    Confidence: 6.3/10
    True Prob: 0.17
    Market Price: $0.04
    Link: https://kalshi.com/markets/KXCPICOMBO-25DEC-0231

#8: KXGDP-26JAN30-T1.25
    Title: Will **real GDP** increase by more than 1.25% in Q4 2025?
    Side: YES
    Consensus: 3/4 models
    Edge: 9.3%
    Confidence: 7.3/10
    True Prob: 0.80
    Market Price: $0.84
    Link: https://kalshi.com/markets/KXGDP-26JAN30-T1.25

======================================================================
CURRENT PORTFOLIO
======================================================================

  KXCPICOMBO-25DEC-027: YES @ $0.35 (681 contracts, $238.35)
  KXGDP-26JAN30-T2.5: YES @ $0.41 (630 contracts, $258.30)
  KXGDP-26JAN30-T3.0: YES @ $0.21 (874 contracts, $183.54)
