======================================================================
KALSHI VALUE AGENT - RUN LOG
======================================================================

Timestamp: 2025-12-25 11:48:07
Mode: PAPER
Bankroll: $5,000

MARKETS ANALYZED: 58
QUALIFIED TRADES: 11
EXECUTED TRADES: 0

======================================================================
QUALIFIED TRADES DETAILS
======================================================================

#1: KXGDP-26JAN30-T1.0
    Title: Will **real GDP** increase by more than 1.0% in Q4 2025?
    Side: YES
    Consensus: 3/4 models
    Edge: 10.9%
    Confidence: 7.3/10
    True Prob: 0.77
    Market Price: $0.86
    Link: https://kalshi.com/markets/KXGDP-26JAN30-T1.0

#2: KXGDP-26JAN30-T2.0
    Title: Will **real GDP** increase by more than 2.0% in Q4 2025?
    Side: YES
    Consensus: 4/5 models
    Edge: 11.7%
    Confidence: 7.0/10
    True Prob: 0.70
    Market Price: $0.62
    Link: https://kalshi.com/markets/KXGDP-26JAN30-T2.0

#3: KXCPICOMBO-25DEC-027
    Title: Will CPI be Above 0% AND YOYCPI be Above 2.7% for Dec 2025?
    Side: YES
    Consensus: 3/4 models
    Edge: 45.8%
    Confidence: 6.0/10
    True Prob: 0.47
    Market Price: $0.32
    Link: https://kalshi.com/markets/KXCPICOMBO-25DEC-027

#4: KXCPI-25DEC-T0.2
    Title: Will CPI rise more than 0.2% in December 2025?
    Side: YES
    Consensus: 3/3 models
    Edge: 111.1%
    Confidence: 6.3/10
    True Prob: 0.32
    Market Price: $0.15
    Link: https://kalshi.com/markets/KXCPI-25DEC-T0.2

#5: KXGDP-26JAN30-T1.5
    Title: Will **real GDP** increase by more than 1.5% in Q4 2025?
    Side: YES
    Consensus: 3/4 models
    Edge: 8.9%
    Confidence: 7.7/10
    True Prob: 0.80
    Market Price: $0.79
    Link: https://kalshi.com/markets/KXGDP-26JAN30-T1.5

#6: KXGDP-26JAN30-T0
    Title: Will **real GDP** increase by more than 0% in Q4 2025?
    Side: YES
    Consensus: 3/4 models
    Edge: 8.1%
    Confidence: 7.7/10
    True Prob: 0.87
    Market Price: $0.95
    Link: https://kalshi.com/markets/KXGDP-26JAN30-T0

#7: KXCPICOMBO-25DEC-0231
    Title: Will CPI be Above 0.2% AND YOYCPI be Above 3.1% for Dec 2025?
    Side: YES
    Consensus: 3/4 models
    Edge: 358.3%
    Confidence: 6.3/10
    True Prob: 0.18
    Market Price: $0.04
    Link: https://kalshi.com/markets/KXCPICOMBO-25DEC-0231

#8: KXGDP-26JAN30-T1.25
    Title: Will **real GDP** increase by more than 1.25% in Q4 2025?
    Side: YES
    Consensus: 3/4 models
    Edge: 11.2%
    Confidence: 7.3/10
    True Prob: 0.78
    Market Price: $0.84
    Link: https://kalshi.com/markets/KXGDP-26JAN30-T1.25

#9: KXINX-25DEC26H1600-B7012
    Title: Will the S&P 500 be between 7000 and 7024.9999 on Dec 26, 2025 at 4pm EST?
    Side: NO
    Consensus: 3/3 models
    Edge: 57.8%
    Confidence: 8.3/10
    True Prob: 0.41
    Market Price: $0.89
    Link: https://kalshi.com/markets/KXINX-25DEC26H1600-B7012

#10: KXINX-25DEC26H1600-B6937
    Title: Will the S&P 500 be between 6925 and 6949.9999 on Dec 26, 2025 at 4pm EST?
    Side: YES
    Consensus: 3/3 models
    Edge: 14.1%
    Confidence: 6.7/10
    True Prob: 0.56
    Market Price: $0.49
    Link: https://kalshi.com/markets/KXINX-25DEC26H1600-B6937

#11: KXINX-25DEC26H1600-T7124.9999
    Title: Will the S&P 500 be above 7124.9999 on Dec 26, 2025 at 4pm EST?
    Side: NO
    Consensus: 3/4 models
    Edge: 92.3%
    Confidence: 8.7/10
    True Prob: 0.08
    Market Price: $1.00
    Link: https://kalshi.com/markets/KXINX-25DEC26H1600-T7124.9999

======================================================================
CURRENT PORTFOLIO
======================================================================

  KXCPICOMBO-25DEC-027: YES @ $0.35 (681 contracts, $238.35)
  KXGDP-26JAN30-T2.5: YES @ $0.41 (630 contracts, $258.30)
  KXGDP-26JAN30-T3.0: YES @ $0.21 (874 contracts, $183.54)
