======================================================================
KALSHI VALUE AGENT - RUN LOG
======================================================================

Timestamp: 2025-12-24 10:20:40
Mode: PAPER
Bankroll: $5,000

MARKETS ANALYZED: 38
QUALIFIED TRADES: 10
EXECUTED TRADES: 0

======================================================================
QUALIFIED TRADES DETAILS
======================================================================

#1: KXGDP-26JAN30-T1.0
    Title: Will **real GDP** increase by more than 1.0% in Q4 2025?
    Side: YES
    Consensus: 3/4 models
    Edge: 11.1%
    Confidence: 7.0/10
    True Prob: 0.80
    Market Price: $0.90
    Link: https://kalshi.com/markets/KXGDP-26JAN30-T1.0

#2: KXGDP-26JAN30-T2.0
    Title: Will **real GDP** increase by more than 2.0% in Q4 2025?
    Side: YES
    Consensus: 3/4 models
    Edge: 10.1%
    Confidence: 7.0/10
    True Prob: 0.72
    Market Price: $0.64
    Link: https://kalshi.com/markets/KXGDP-26JAN30-T2.0

#3: KXCPICOMBO-25DEC-027
    Title: Will CPI be Above 0% AND YOYCPI be Above 2.7% for Dec 2025?
    Side: YES
    Consensus: 3/4 models
    Edge: 63.3%
    Confidence: 6.7/10
    True Prob: 0.49
    Market Price: $0.30
    Link: https://kalshi.com/markets/KXCPICOMBO-25DEC-027

#4: KXGDP-26JAN30-T1.5
    Title: Will **real GDP** increase by more than 1.5% in Q4 2025?
    Side: YES
    Consensus: 3/4 models
    Edge: 8.3%
    Confidence: 7.3/10
    True Prob: 0.77
    Market Price: $0.80
    Link: https://kalshi.com/markets/KXGDP-26JAN30-T1.5

#5: KXGDP-26JAN30-T2.5
    Title: Will **real GDP** increase by more than 2.5% in Q4 2025?
    Side: YES
    Consensus: 4/4 models
    Edge: 26.8%
    Confidence: 6.5/10
    True Prob: 0.58
    Market Price: $0.45
    Link: https://kalshi.com/markets/KXGDP-26JAN30-T2.5

#6: KXCPI-25DEC-T0.1
    Title: Will CPI rise more than 0.1% in December 2025?
    Side: YES
    Consensus: 3/4 models
    Edge: 11.1%
    Confidence: 7.3/10
    True Prob: 0.73
    Market Price: $0.75
    Link: https://kalshi.com/markets/KXCPI-25DEC-T0.1

#7: KXGDP-26JAN30-T1.75
    Title: Will **real GDP** increase by more than 1.75% in Q4 2025?
    Side: YES
    Consensus: 4/5 models
    Edge: 8.7%
    Confidence: 7.0/10
    True Prob: 0.75
    Market Price: $0.69
    Link: https://kalshi.com/markets/KXGDP-26JAN30-T1.75

#8: KXHIGHCHI-25DEC24-T47
    Title: Will the high temp in Chicago be >47° on Dec 24, 2025?
    Side: YES
    Consensus: 3/3 models
    Edge: 40.1%
    Confidence: 6.7/10
    True Prob: 0.62
    Market Price: $0.44
    Link: https://kalshi.com/markets/KXHIGHCHI-25DEC24-T47

#9: KXHIGHCHI-25DEC24-B40.5
    Title: Will the high temp in Chicago be 40-41° on Dec 24, 2025?
    Side: NO
    Consensus: 3/3 models
    Edge: 61.0%
    Confidence: 8.0/10
    True Prob: 0.05
    Market Price: $0.98
    Link: https://kalshi.com/markets/KXHIGHCHI-25DEC24-B40.5

#10: KXHIGHCHI-25DEC24-T40
    Title: Will the high temp in Chicago be <40° on Dec 24, 2025?
    Side: NO
    Consensus: 3/4 models
    Edge: 29.3%
    Confidence: 8.0/10
    True Prob: 0.68
    Market Price: $0.97
    Link: https://kalshi.com/markets/KXHIGHCHI-25DEC24-T40

======================================================================
CURRENT PORTFOLIO
======================================================================

  KXCPICOMBO-25DEC-027: YES @ $0.35 (681 contracts, $238.35)
  KXCPI-25DEC-T0.2: YES @ $0.45 (525 contracts, $236.25)
  KXGDP-26JAN30-T2.5: YES @ $0.41 (630 contracts, $258.30)
