======================================================================
KALSHI VALUE AGENT - RUN LOG
======================================================================

Timestamp: 2025-12-22 20:28:18
Mode: PAPER
Bankroll: $5,000

MARKETS ANALYZED: 94
QUALIFIED TRADES: 18
EXECUTED TRADES: 1

======================================================================
QUALIFIED TRADES DETAILS
======================================================================

#1: KXGDP-26JAN30-T1.0
    Title: Will **real GDP** increase by more than 1.0% in Q4 2025?
    Side: YES
    Consensus: 3/4 models
    Edge: 10.9%
    Confidence: 7.3/10
    True Prob: 0.81
    Market Price: $0.86
    Link: https://kalshi.com/markets/KXGDP-26JAN30-T1.0

#2: KXGDP-26JAN30-T2.0
    Title: Will **real GDP** increase by more than 2.0% in Q4 2025?
    Side: YES
    Consensus: 3/3 models
    Edge: 17.9%
    Confidence: 6.3/10
    True Prob: 0.60
    Market Price: $0.51
    Link: https://kalshi.com/markets/KXGDP-26JAN30-T2.0

#3: KXGDP-26JAN30-T1.5
    Title: Will **real GDP** increase by more than 1.5% in Q4 2025?
    Side: YES
    Consensus: 3/4 models
    Edge: 10.4%
    Confidence: 7.3/10
    True Prob: 0.76
    Market Price: $0.74
    Link: https://kalshi.com/markets/KXGDP-26JAN30-T1.5

#4: KXGDP-26JAN30-T2.5
    Title: Will **real GDP** increase by more than 2.5% in Q4 2025?
    Side: YES
    Consensus: 4/5 models
    Edge: 48.3%
    Confidence: 6.2/10
    True Prob: 0.43
    Market Price: $0.29
    Link: https://kalshi.com/markets/KXGDP-26JAN30-T2.5

#5: KXCPI-25DEC-T0.3
    Title: Will CPI rise more than 0.3% in December 2025?
    Side: YES
    Consensus: 3/3 models
    Edge: 77.8%
    Confidence: 6.0/10
    True Prob: 0.32
    Market Price: $0.15
    Link: https://kalshi.com/markets/KXCPI-25DEC-T0.3

#6: KXCPI-25DEC-T0.2
    Title: Will CPI rise more than 0.2% in December 2025?
    Side: YES
    Consensus: 3/3 models
    Edge: 19.0%
    Confidence: 6.7/10
    True Prob: 0.58
    Market Price: $0.49
    Link: https://kalshi.com/markets/KXCPI-25DEC-T0.2

#7: KXGDP-26JAN30-T1.75
    Title: Will **real GDP** increase by more than 1.75% in Q4 2025?
    Side: YES
    Consensus: 4/5 models
    Edge: 13.7%
    Confidence: 7.0/10
    True Prob: 0.71
    Market Price: $0.62
    Link: https://kalshi.com/markets/KXGDP-26JAN30-T1.75

#8: KXGDP-26JAN30-T0
    Title: Will **real GDP** increase by more than 0% in Q4 2025?
    Side: YES
    Consensus: 3/4 models
    Edge: 8.9%
    Confidence: 7.7/10
    True Prob: 0.88
    Market Price: $0.91
    Link: https://kalshi.com/markets/KXGDP-26JAN30-T0

#9: KXHIGHCHI-25DEC23-B47.5
    Title: Will the high temp in Chicago be 47-48° on Dec 23, 2025?
    Side: YES
    Consensus: 3/3 models
    Edge: 61.1%
    Confidence: 6.7/10
    True Prob: 0.48
    Market Price: $0.30
    Link: https://kalshi.com/markets/KXHIGHCHI-25DEC23-B47.5

#10: KXINX-25DEC22H1600-B6837
    Title: Will the S&P 500 be between 6825 and 6849.9999 on Dec 22, 2025 at 4pm EST?
    Side: NO
    Consensus: 3/3 models
    Edge: 63.2%
    Confidence: 9.0/10
    True Prob: 0.04
    Market Price: $0.97
    Link: https://kalshi.com/markets/KXINX-25DEC22H1600-B6837

#11: KXGDP-26JAN30-T1.25
    Title: Will **real GDP** increase by more than 1.25% in Q4 2025?
    Side: YES
    Consensus: 3/4 models
    Edge: 8.7%
    Confidence: 7.7/10
    True Prob: 0.80
    Market Price: $0.79
    Link: https://kalshi.com/markets/KXGDP-26JAN30-T1.25

#12: KXHIGHCHI-25DEC23-T52
    Title: Will the high temp in Chicago be >52° on Dec 23, 2025?
    Side: NO
    Consensus: 3/4 models
    Edge: 29.4%
    Confidence: 8.0/10
    True Prob: 0.37
    Market Price: $0.96
    Link: https://kalshi.com/markets/KXHIGHCHI-25DEC23-T52

#13: KXJOBLESSCLAIMS-25DEC24-270000
    Title: How many initial jobless claims will there be the week ending Dec 20, 2025?
    Side: NO
    Consensus: 3/3 models
    Edge: 55.7%
    Confidence: 8.0/10
    True Prob: 0.43
    Market Price: $0.92
    Link: https://kalshi.com/markets/KXJOBLESSCLAIMS-25DEC24-270000

#14: KXHIGHCHI-25DEC23-T45
    Title: Will the high temp in Chicago be <45° on Dec 23, 2025?
    Side: YES
    Consensus: 5/5 models
    Edge: 485.2%
    Confidence: 6.4/10
    True Prob: 0.20
    Market Price: $0.02
    Link: https://kalshi.com/markets/KXHIGHCHI-25DEC23-T45

#15: KXINX-25DEC22H1600-B7112
    Title: Will the S&P 500 be between 7100 and 7124.9999 on Dec 22, 2025 at 4pm EST?
    Side: NO
    Consensus: 3/3 models
    Edge: 62.3%
    Confidence: 9.0/10
    True Prob: 0.04
    Market Price: $0.97
    Link: https://kalshi.com/markets/KXINX-25DEC22H1600-B7112

#16: KXINX-25DEC22H1600-B6737
    Title: Will the S&P 500 be between 6725 and 6749.9999 on Dec 22, 2025 at 4pm EST?
    Side: NO
    Consensus: 3/3 models
    Edge: 63.3%
    Confidence: 9.0/10
    True Prob: 0.04
    Market Price: $0.96
    Link: https://kalshi.com/markets/KXINX-25DEC22H1600-B6737

#17: KXINX-25DEC22H1600-B6787
    Title: Will the S&P 500 be between 6775 and 6799.9999 on Dec 22, 2025 at 4pm EST?
    Side: NO
    Consensus: 3/3 models
    Edge: 61.3%
    Confidence: 9.0/10
    True Prob: 0.37
    Market Price: $0.94
    Link: https://kalshi.com/markets/KXINX-25DEC22H1600-B6787

#18: KXINX-25DEC26H1600-B6812
    Title: Will the S&P 500 be between 6800 and 6824.9999 on Dec 26, 2025 at 4pm EST?
    Side: NO
    Consensus: 3/3 models
    Edge: 55.5%
    Confidence: 8.0/10
    True Prob: 0.40
    Market Price: $0.96
    Link: https://kalshi.com/markets/KXINX-25DEC26H1600-B6812

======================================================================
CURRENT PORTFOLIO
======================================================================

  KXGDP-26JAN30-T2.5: YES @ $0.29 (679 contracts, $196.91)
