======================================================================
KALSHI VALUE AGENT - RUN LOG
======================================================================

Timestamp: 2025-12-26 11:04:08
Mode: PAPER
Bankroll: $5,000

MARKETS ANALYZED: 68
QUALIFIED TRADES: 13
EXECUTED TRADES: 0

======================================================================
QUALIFIED TRADES DETAILS
======================================================================

#1: KXGDP-26JAN30-T1.0
    Title: Will **real GDP** increase by more than 1.0% in Q4 2025?
    Side: YES
    Consensus: 3/4 models
    Edge: 11.4%
    Confidence: 7.3/10
    True Prob: 0.81
    Market Price: $0.88
    Link: https://kalshi.com/markets/KXGDP-26JAN30-T1.0

#2: KXCPICOMBO-25DEC-027
    Title: Will CPI be Above 0% AND YOYCPI be Above 2.7% for Dec 2025?
    Side: YES
    Consensus: 4/4 models
    Edge: 46.1%
    Confidence: 6.2/10
    True Prob: 0.47
    Market Price: $0.32
    Link: https://kalshi.com/markets/KXCPICOMBO-25DEC-027

#3: KXCPI-25DEC-T0.3
    Title: Will CPI rise more than 0.3% in December 2025?
    Side: YES
    Consensus: 3/4 models
    Edge: 122.1%
    Confidence: 6.3/10
    True Prob: 0.27
    Market Price: $0.12
    Link: https://kalshi.com/markets/KXCPI-25DEC-T0.3

#4: KXGDP-26JAN30-T2.5
    Title: Will **real GDP** increase by more than 2.5% in Q4 2025?
    Side: YES
    Consensus: 3/3 models
    Edge: 21.5%
    Confidence: 7.0/10
    True Prob: 0.58
    Market Price: $0.48
    Link: https://kalshi.com/markets/KXGDP-26JAN30-T2.5

#5: KXGDP-26JAN30-T1.5
    Title: Will **real GDP** increase by more than 1.5% in Q4 2025?
    Side: YES
    Consensus: 3/4 models
    Edge: 9.4%
    Confidence: 7.7/10
    True Prob: 0.80
    Market Price: $0.78
    Link: https://kalshi.com/markets/KXGDP-26JAN30-T1.5

#6: KXGDP-26JAN30-T3.5
    Title: Will **real GDP** increase by more than 3.5% in Q4 2025?
    Side: NO
    Consensus: 3/4 models
    Edge: 40.8%
    Confidence: 7.3/10
    True Prob: 0.19
    Market Price: $0.81
    Link: https://kalshi.com/markets/KXGDP-26JAN30-T3.5

#7: KXGDP-26JAN30-T0
    Title: Will **real GDP** increase by more than 0% in Q4 2025?
    Side: YES
    Consensus: 3/4 models
    Edge: 8.1%
    Confidence: 7.3/10
    True Prob: 0.87
    Market Price: $0.95
    Link: https://kalshi.com/markets/KXGDP-26JAN30-T0

#8: KXHIGHCHI-25DEC26-T56
    Title: Will the high temp in Chicago be >56° on Dec 26, 2025?
    Side: NO
    Consensus: 3/4 models
    Edge: 58.7%
    Confidence: 8.7/10
    True Prob: 0.39
    Market Price: $0.98
    Link: https://kalshi.com/markets/KXHIGHCHI-25DEC26-T56

#9: KXHIGHCHI-25DEC26-T49
    Title: Will the high temp in Chicago be <49° on Dec 26, 2025?
    Side: YES
    Consensus: 3/3 models
    Edge: 148.9%
    Confidence: 6.3/10
    True Prob: 0.45
    Market Price: $0.16
    Link: https://kalshi.com/markets/KXHIGHCHI-25DEC26-T49

#10: KXGDP-26JAN30-T1.25
    Title: Will **real GDP** increase by more than 1.25% in Q4 2025?
    Side: YES
    Consensus: 3/4 models
    Edge: 10.0%
    Confidence: 7.3/10
    True Prob: 0.80
    Market Price: $0.84
    Link: https://kalshi.com/markets/KXGDP-26JAN30-T1.25

#11: KXHIGHCHI-25DEC26-B55.5
    Title: Will the high temp in Chicago be 55-56° on Dec 26, 2025?
    Side: NO
    Consensus: 3/3 models
    Edge: 36.2%
    Confidence: 8.0/10
    True Prob: 0.38
    Market Price: $0.93
    Link: https://kalshi.com/markets/KXHIGHCHI-25DEC26-B55.5

#12: KXINX-25DEC26H1600-B7012
    Title: Will the S&P 500 be between 7000 and 7024.9999 on Dec 26, 2025 at 4pm EST?
    Side: NO
    Consensus: 3/3 models
    Edge: 57.4%
    Confidence: 8.3/10
    True Prob: 0.41
    Market Price: $0.89
    Link: https://kalshi.com/markets/KXINX-25DEC26H1600-B7012

#13: KXJOBLESSCLAIMS-25DEC31-250000
    Title: How many initial jobless claims will there be the week ending Dec 27, 2025?
    Side: NO
    Consensus: 3/3 models
    Edge: 61.3%
    Confidence: 8.3/10
    True Prob: 0.38
    Market Price: $0.99
    Link: https://kalshi.com/markets/KXJOBLESSCLAIMS-25DEC31-250000

======================================================================
CURRENT PORTFOLIO
======================================================================

  KXCPICOMBO-25DEC-027: YES @ $0.35 (681 contracts, $238.35)
  KXGDP-26JAN30-T2.5: YES @ $0.41 (630 contracts, $258.30)
