======================================================================
KALSHI VALUE AGENT - RUN LOG
======================================================================

Timestamp: 2025-12-22 22:17:58
Mode: PAPER
Bankroll: $5,000

MARKETS ANALYZED: 74
QUALIFIED TRADES: 12
EXECUTED TRADES: 0

======================================================================
QUALIFIED TRADES DETAILS
======================================================================

#1: KXGDP-26JAN30-T1.0
    Title: Will **real GDP** increase by more than 1.0% in Q4 2025?
    Side: YES
    Consensus: 3/4 models
    Edge: 10.8%
    Confidence: 6.7/10
    True Prob: 0.77
    Market Price: $0.86
    Link: https://kalshi.com/markets/KXGDP-26JAN30-T1.0

#2: KXCPICOMBO-25DEC-0129
    Title: Will CPI be Above 0.1% AND YOYCPI be Above 2.9% for Dec 2025?
    Side: YES
    Consensus: 3/4 models
    Edge: 244.0%
    Confidence: 6.3/10
    True Prob: 0.21
    Market Price: $0.06
    Link: https://kalshi.com/markets/KXCPICOMBO-25DEC-0129

#3: KXGDP-26JAN30-T2.0
    Title: Will **real GDP** increase by more than 2.0% in Q4 2025?
    Side: YES
    Consensus: 4/4 models
    Edge: 17.8%
    Confidence: 6.5/10
    True Prob: 0.60
    Market Price: $0.51
    Link: https://kalshi.com/markets/KXGDP-26JAN30-T2.0

#4: KXCPICOMBO-25DEC-027
    Title: Will CPI be Above 0% AND YOYCPI be Above 2.7% for Dec 2025?
    Side: YES
    Consensus: 4/4 models
    Edge: 37.5%
    Confidence: 6.0/10
    True Prob: 0.47
    Market Price: $0.34
    Link: https://kalshi.com/markets/KXCPICOMBO-25DEC-027

#5: KXGDP-26JAN30-T1.5
    Title: Will **real GDP** increase by more than 1.5% in Q4 2025?
    Side: YES
    Consensus: 3/4 models
    Edge: 10.4%
    Confidence: 7.3/10
    True Prob: 0.76
    Market Price: $0.74
    Link: https://kalshi.com/markets/KXGDP-26JAN30-T1.5

#6: KXGDP-26JAN30-T2.5
    Title: Will **real GDP** increase by more than 2.5% in Q4 2025?
    Side: YES
    Consensus: 3/4 models
    Edge: 46.1%
    Confidence: 6.3/10
    True Prob: 0.42
    Market Price: $0.29
    Link: https://kalshi.com/markets/KXGDP-26JAN30-T2.5

#7: KXCPI-25DEC-T0.2
    Title: Will CPI rise more than 0.2% in December 2025?
    Side: YES
    Consensus: 3/3 models
    Edge: 25.5%
    Confidence: 6.7/10
    True Prob: 0.60
    Market Price: $0.47
    Link: https://kalshi.com/markets/KXCPI-25DEC-T0.2

#8: KXGDP-26JAN30-T3.5
    Title: Will **real GDP** increase by more than 3.5% in Q4 2025?
    Side: NO
    Consensus: 3/4 models
    Edge: 55.3%
    Confidence: 7.7/10
    True Prob: 0.11
    Market Price: $0.97
    Link: https://kalshi.com/markets/KXGDP-26JAN30-T3.5

#9: KXHIGHCHI-25DEC22-T47
    Title: Will the high temp in Chicago be >47° on Dec 22, 2025?
    Side: YES
    Consensus: 3/4 models
    Edge: 930.0%
    Confidence: 7.3/10
    True Prob: 0.25
    Market Price: $0.02
    Link: https://kalshi.com/markets/KXHIGHCHI-25DEC22-T47

#10: KXGDP-26JAN30-T1.75
    Title: Will **real GDP** increase by more than 1.75% in Q4 2025?
    Side: YES
    Consensus: 4/4 models
    Edge: 13.7%
    Confidence: 6.8/10
    True Prob: 0.71
    Market Price: $0.62
    Link: https://kalshi.com/markets/KXGDP-26JAN30-T1.75

#11: KXJOBLESSCLAIMS-25DEC24-250000
    Title: How many initial jobless claims will there be the week ending Dec 20, 2025?
    Side: NO
    Consensus: 3/3 models
    Edge: 58.0%
    Confidence: 8.0/10
    True Prob: 0.40
    Market Price: $0.95
    Link: https://kalshi.com/markets/KXJOBLESSCLAIMS-25DEC24-250000

#12: KXHIGHCHI-25DEC23-T45
    Title: Will the high temp in Chicago be <45° on Dec 23, 2025?
    Side: YES
    Consensus: 4/5 models
    Edge: 927.0%
    Confidence: 6.5/10
    True Prob: 0.23
    Market Price: $0.02
    Link: https://kalshi.com/markets/KXHIGHCHI-25DEC23-T45

======================================================================
CURRENT PORTFOLIO
======================================================================

  KXGDP-26JAN30-T2.5: YES @ $0.29 (679 contracts, $196.91)
  KXCPICOMBO-25DEC-027: YES @ $0.35 (681 contracts, $238.35)
  KXGDP-26JAN30-T1.75: YES @ $0.62 (445 contracts, $275.90)
