======================================================================
KALSHI VALUE AGENT - RUN LOG
======================================================================

Timestamp: 2025-12-26 23:39:46
Mode: PAPER
Bankroll: $5,000

MARKETS ANALYZED: 44
QUALIFIED TRADES: 5
EXECUTED TRADES: 0

======================================================================
QUALIFIED TRADES DETAILS
======================================================================

#1: KXCPICOMBO-25DEC-027
    Title: Will CPI be Above 0% AND YOYCPI be Above 2.7% for Dec 2025?
    Side: YES
    Consensus: 3/4 models
    Edge: 41.1%
    Confidence: 7.0/10
    True Prob: 0.42
    Market Price: $0.30
    Link: https://kalshi.com/markets/KXCPICOMBO-25DEC-027

#2: KXCPI-25DEC-T0.2
    Title: Will CPI rise more than 0.2% in December 2025?
    Side: YES
    Consensus: 3/3 models
    Edge: 41.7%
    Confidence: 6.7/10
    True Prob: 0.57
    Market Price: $0.40
    Link: https://kalshi.com/markets/KXCPI-25DEC-T0.2

#3: KXGDP-26JAN30-T2.5
    Title: Will **real GDP** increase by more than 2.5% in Q4 2025?
    Side: YES
    Consensus: 3/3 models
    Edge: 19.0%
    Confidence: 6.7/10
    True Prob: 0.58
    Market Price: $0.49
    Link: https://kalshi.com/markets/KXGDP-26JAN30-T2.5

#4: KXGDP-26JAN30-T1.75
    Title: Will **real GDP** increase by more than 1.75% in Q4 2025?
    Side: YES
    Consensus: 3/4 models
    Edge: 10.1%
    Confidence: 7.7/10
    True Prob: 0.75
    Market Price: $0.73
    Link: https://kalshi.com/markets/KXGDP-26JAN30-T1.75

#5: KXJOBLESSCLAIMS-25DEC31-240000
    Title: How many initial jobless claims will there be the week ending Dec 27, 2025?
    Side: NO
    Consensus: 3/3 models
    Edge: 61.5%
    Confidence: 8.0/10
    True Prob: 0.38
    Market Price: $0.97
    Link: https://kalshi.com/markets/KXJOBLESSCLAIMS-25DEC31-240000

======================================================================
CURRENT PORTFOLIO
======================================================================

  KXCPICOMBO-25DEC-027: YES @ $0.35 (681 contracts, $238.35)
  KXCPI-25DEC-T0.2: YES @ $0.40 (677 contracts, $270.80)
