======================================================================
KALSHI VALUE AGENT - RUN LOG
======================================================================

Timestamp: 2025-12-26 13:24:37
Mode: PAPER
Bankroll: $5,000

MARKETS ANALYZED: 38
QUALIFIED TRADES: 11
EXECUTED TRADES: 0

======================================================================
QUALIFIED TRADES DETAILS
======================================================================

#1: KXGDP-26JAN30-T1.0
    Title: Will **real GDP** increase by more than 1.0% in Q4 2025?
    Side: YES
    Consensus: 3/4 models
    Edge: 11.5%
    Confidence: 7.3/10
    True Prob: 0.81
    Market Price: $0.88
    Link: https://kalshi.com/markets/KXGDP-26JAN30-T1.0

#2: KXCPICOMBO-25DEC-0129
    Title: Will CPI be Above 0.1% AND YOYCPI be Above 2.9% for Dec 2025?
    Side: YES
    Consensus: 3/3 models
    Edge: 283.3%
    Confidence: 6.3/10
    True Prob: 0.38
    Market Price: $0.10
    Link: https://kalshi.com/markets/KXCPICOMBO-25DEC-0129

#3: KXGDP-26JAN30-T2.5
    Title: Will **real GDP** increase by more than 2.5% in Q4 2025?
    Side: YES
    Consensus: 4/4 models
    Edge: 21.7%
    Confidence: 6.5/10
    True Prob: 0.57
    Market Price: $0.46
    Link: https://kalshi.com/markets/KXGDP-26JAN30-T2.5

#4: KXGDP-26JAN30-T1.5
    Title: Will **real GDP** increase by more than 1.5% in Q4 2025?
    Side: YES
    Consensus: 3/4 models
    Edge: 9.3%
    Confidence: 7.7/10
    True Prob: 0.80
    Market Price: $0.78
    Link: https://kalshi.com/markets/KXGDP-26JAN30-T1.5

#5: KXCPI-25DEC-T0.1
    Title: Will CPI rise more than 0.1% in December 2025?
    Side: YES
    Consensus: 3/4 models
    Edge: 9.6%
    Confidence: 7.3/10
    True Prob: 0.76
    Market Price: $0.75
    Link: https://kalshi.com/markets/KXCPI-25DEC-T0.1

#6: KXGDP-26JAN30-T0
    Title: Will **real GDP** increase by more than 0% in Q4 2025?
    Side: YES
    Consensus: 3/4 models
    Edge: 8.1%
    Confidence: 7.7/10
    True Prob: 0.87
    Market Price: $0.95
    Link: https://kalshi.com/markets/KXGDP-26JAN30-T0

#7: KXHIGHCHI-25DEC26-T49
    Title: Will the high temp in Chicago be <49° on Dec 26, 2025?
    Side: YES
    Consensus: 3/3 models
    Edge: 116.7%
    Confidence: 6.3/10
    True Prob: 0.45
    Market Price: $0.20
    Link: https://kalshi.com/markets/KXHIGHCHI-25DEC26-T49

#8: KXGDP-26JAN30-T1.25
    Title: Will **real GDP** increase by more than 1.25% in Q4 2025?
    Side: YES
    Consensus: 3/4 models
    Edge: 9.8%
    Confidence: 7.3/10
    True Prob: 0.80
    Market Price: $0.84
    Link: https://kalshi.com/markets/KXGDP-26JAN30-T1.25

#9: KXHIGHCHI-25DEC26-B49.5
    Title: Will the high temp in Chicago be 49-50° on Dec 26, 2025?
    Side: YES
    Consensus: 3/3 models
    Edge: 40.2%
    Confidence: 6.3/10
    True Prob: 0.42
    Market Price: $0.34
    Link: https://kalshi.com/markets/KXHIGHCHI-25DEC26-B49.5

#10: KXHIGHCHI-25DEC26-B55.5
    Title: Will the high temp in Chicago be 55-56° on Dec 26, 2025?
    Side: NO
    Consensus: 3/3 models
    Edge: 70.5%
    Confidence: 8.3/10
    True Prob: 0.05
    Market Price: $0.97
    Link: https://kalshi.com/markets/KXHIGHCHI-25DEC26-B55.5

#11: KXCPICOMBO-25DEC-0332
    Title: Will CPI be Above 0.3% AND YOYCPI be Above 3.2% for Dec 2025?
    Side: YES
    Consensus: 3/4 models
    Edge: 291.7%
    Confidence: 6.3/10
    True Prob: 0.16
    Market Price: $0.04
    Link: https://kalshi.com/markets/KXCPICOMBO-25DEC-0332

======================================================================
CURRENT PORTFOLIO
======================================================================

  KXCPICOMBO-25DEC-027: YES @ $0.35 (681 contracts, $238.35)
  KXGDP-26JAN30-T2.5: YES @ $0.41 (630 contracts, $258.30)
