======================================================================
KALSHI VALUE AGENT - RUN LOG
======================================================================

Timestamp: 2025-12-25 12:59:15
Mode: PAPER
Bankroll: $5,000

MARKETS ANALYZED: 58
QUALIFIED TRADES: 9
EXECUTED TRADES: 1

======================================================================
QUALIFIED TRADES DETAILS
======================================================================

#1: KXGDP-26JAN30-T1.0
    Title: Will **real GDP** increase by more than 1.0% in Q4 2025?
    Side: YES
    Consensus: 3/4 models
    Edge: 10.8%
    Confidence: 7.0/10
    True Prob: 0.77
    Market Price: $0.86
    Link: https://kalshi.com/markets/KXGDP-26JAN30-T1.0

#2: KXCPICOMBO-25DEC-0129
    Title: Will CPI be Above 0.1% AND YOYCPI be Above 2.9% for Dec 2025?
    Side: YES
    Consensus: 4/4 models
    Edge: 50.0%
    Confidence: 6.2/10
    True Prob: 0.30
    Market Price: $0.11
    Link: https://kalshi.com/markets/KXCPICOMBO-25DEC-0129

#3: KXGDP-26JAN30-T3.0
    Title: Will **real GDP** increase by more than 3.0% in Q4 2025?
    Side: YES
    Consensus: 4/5 models
    Edge: 53.1%
    Confidence: 6.0/10
    True Prob: 0.34
    Market Price: $0.21
    Link: https://kalshi.com/markets/KXGDP-26JAN30-T3.0

#4: KXCPI-25DEC-T0.2
    Title: Will CPI rise more than 0.2% in December 2025?
    Side: YES
    Consensus: 4/4 models
    Edge: 64.4%
    Confidence: 6.2/10
    True Prob: 0.30
    Market Price: $0.14
    Link: https://kalshi.com/markets/KXCPI-25DEC-T0.2

#5: KXGDP-26JAN30-T1.5
    Title: Will **real GDP** increase by more than 1.5% in Q4 2025?
    Side: YES
    Consensus: 3/4 models
    Edge: 8.7%
    Confidence: 7.7/10
    True Prob: 0.80
    Market Price: $0.79
    Link: https://kalshi.com/markets/KXGDP-26JAN30-T1.5

#6: KXGDP-26JAN30-T2.5
    Title: Will **real GDP** increase by more than 2.5% in Q4 2025?
    Side: YES
    Consensus: 4/4 models
    Edge: 31.8%
    Confidence: 6.5/10
    True Prob: 0.58
    Market Price: $0.44
    Link: https://kalshi.com/markets/KXGDP-26JAN30-T2.5

#7: KXGDP-26JAN30-T1.25
    Title: Will **real GDP** increase by more than 1.25% in Q4 2025?
    Side: YES
    Consensus: 3/4 models
    Edge: 10.0%
    Confidence: 7.3/10
    True Prob: 0.80
    Market Price: $0.84
    Link: https://kalshi.com/markets/KXGDP-26JAN30-T1.25

#8: KXHIGHCHI-25DEC25-T47
    Title: Will the high temp in Chicago be >47° on Dec 25, 2025?
    Side: YES
    Consensus: 3/4 models
    Edge: 409.3%
    Confidence: 6.7/10
    True Prob: 0.20
    Market Price: $0.02
    Link: https://kalshi.com/markets/KXHIGHCHI-25DEC25-T47

#9: KXCPICOMBO-25DEC-0124
    Title: Will CPI be Above -0.1% AND YOYCPI be Above 2.4% for Dec 2025?
    Side: YES
    Consensus: 3/4 models
    Edge: 13.4%
    Confidence: 7.3/10
    True Prob: 0.82
    Market Price: $0.92
    Link: https://kalshi.com/markets/KXCPICOMBO-25DEC-0124

======================================================================
CURRENT PORTFOLIO
======================================================================

  KXCPICOMBO-25DEC-027: YES @ $0.35 (681 contracts, $238.35)
  KXGDP-26JAN30-T2.5: YES @ $0.41 (630 contracts, $258.30)
  KXGDP-26JAN30-T3.0: YES @ $0.21 (874 contracts, $183.54)
  KXCPI-25DEC-T0.2: YES @ $0.14 (1328 contracts, $185.92)
