======================================================================
KALSHI VALUE AGENT - RUN LOG
======================================================================

Timestamp: 2025-12-22 21:46:12
Mode: PAPER
Bankroll: $5,000

MARKETS ANALYZED: 74
QUALIFIED TRADES: 14
EXECUTED TRADES: 1

======================================================================
QUALIFIED TRADES DETAILS
======================================================================

#1: KXGDP-26JAN30-T1.0
    Title: Will **real GDP** increase by more than 1.0% in Q4 2025?
    Side: YES
    Consensus: 3/4 models
    Edge: 9.1%
    Confidence: 7.3/10
    True Prob: 0.82
    Market Price: $0.86
    Link: https://kalshi.com/markets/KXGDP-26JAN30-T1.0

#2: KXCPICOMBO-25DEC-027
    Title: Will CPI be Above 0% AND YOYCPI be Above 2.7% for Dec 2025?
    Side: YES
    Consensus: 4/4 models
    Edge: 37.5%
    Confidence: 6.2/10
    True Prob: 0.47
    Market Price: $0.34
    Link: https://kalshi.com/markets/KXCPICOMBO-25DEC-027

#3: KXGDP-26JAN30-T1.5
    Title: Will **real GDP** increase by more than 1.5% in Q4 2025?
    Side: YES
    Consensus: 3/4 models
    Edge: 9.0%
    Confidence: 7.7/10
    True Prob: 0.81
    Market Price: $0.74
    Link: https://kalshi.com/markets/KXGDP-26JAN30-T1.5

#4: KXCPI-25DEC-T0.2
    Title: Will CPI rise more than 0.2% in December 2025?
    Side: YES
    Consensus: 3/4 models
    Edge: 32.6%
    Confidence: 6.7/10
    True Prob: 0.58
    Market Price: $0.44
    Link: https://kalshi.com/markets/KXCPI-25DEC-T0.2

#5: KXHIGHCHI-25DEC22-B46.5
    Title: Will the high temp in Chicago be 46-47° on Dec 22, 2025?
    Side: NO
    Consensus: 3/4 models
    Edge: 56.2%
    Confidence: 8.0/10
    True Prob: 0.38
    Market Price: $0.93
    Link: https://kalshi.com/markets/KXHIGHCHI-25DEC22-B46.5

#6: KXGDP-26JAN30-T1.75
    Title: Will **real GDP** increase by more than 1.75% in Q4 2025?
    Side: YES
    Consensus: 4/5 models
    Edge: 13.7%
    Confidence: 6.5/10
    True Prob: 0.71
    Market Price: $0.62
    Link: https://kalshi.com/markets/KXGDP-26JAN30-T1.75

#7: KXGDP-26JAN30-T0
    Title: Will **real GDP** increase by more than 0% in Q4 2025?
    Side: YES
    Consensus: 3/4 models
    Edge: 8.9%
    Confidence: 7.3/10
    True Prob: 0.88
    Market Price: $0.91
    Link: https://kalshi.com/markets/KXGDP-26JAN30-T0

#8: KXHIGHCHI-25DEC23-B47.5
    Title: Will the high temp in Chicago be 47-48° on Dec 23, 2025?
    Side: YES
    Consensus: 3/3 models
    Edge: 73.3%
    Confidence: 6.0/10
    True Prob: 0.43
    Market Price: $0.25
    Link: https://kalshi.com/markets/KXHIGHCHI-25DEC23-B47.5

#9: KXJOBLESSCLAIMS-25DEC24-250000
    Title: How many initial jobless claims will there be the week ending Dec 20, 2025?
    Side: NO
    Consensus: 3/3 models
    Edge: 29.7%
    Confidence: 8.3/10
    True Prob: 0.38
    Market Price: $0.95
    Link: https://kalshi.com/markets/KXJOBLESSCLAIMS-25DEC24-250000

#10: KXGDP-26JAN30-T1.25
    Title: Will **real GDP** increase by more than 1.25% in Q4 2025?
    Side: YES
    Consensus: 3/4 models
    Edge: 8.8%
    Confidence: 7.7/10
    True Prob: 0.80
    Market Price: $0.79
    Link: https://kalshi.com/markets/KXGDP-26JAN30-T1.25

#11: KXCPICOMBO-25DEC-0332
    Title: Will CPI be Above 0.3% AND YOYCPI be Above 3.2% for Dec 2025?
    Side: YES
    Consensus: 3/4 models
    Edge: 274.4%
    Confidence: 6.3/10
    True Prob: 0.12
    Market Price: $0.03
    Link: https://kalshi.com/markets/KXCPICOMBO-25DEC-0332

#12: KXJOBLESSCLAIMS-25DEC24-270000
    Title: How many initial jobless claims will there be the week ending Dec 20, 2025?
    Side: NO
    Consensus: 3/3 models
    Edge: 57.5%
    Confidence: 8.0/10
    True Prob: 0.41
    Market Price: $0.92
    Link: https://kalshi.com/markets/KXJOBLESSCLAIMS-25DEC24-270000

#13: KXHIGHCHI-25DEC23-T45
    Title: Will the high temp in Chicago be <45° on Dec 23, 2025?
    Side: YES
    Consensus: 4/5 models
    Edge: 191.5%
    Confidence: 6.2/10
    True Prob: 0.24
    Market Price: $0.02
    Link: https://kalshi.com/markets/KXHIGHCHI-25DEC23-T45

#14: KXINX-25DEC26H1600-T7124.9999
    Title: Will the S&P 500 be above 7124.9999 on Dec 26, 2025 at 4pm EST?
    Side: NO
    Consensus: 3/3 models
    Edge: 56.3%
    Confidence: 8.0/10
    True Prob: 0.44
    Market Price: $1.00
    Link: https://kalshi.com/markets/KXINX-25DEC26H1600-T7124.9999

======================================================================
CURRENT PORTFOLIO
======================================================================

  KXGDP-26JAN30-T2.5: YES @ $0.29 (679 contracts, $196.91)
  KXCPICOMBO-25DEC-027: YES @ $0.34 (568 contracts, $193.12)
