======================================================================
KALSHI VALUE AGENT - RUN LOG
======================================================================

Timestamp: 2025-12-24 20:54:10
Mode: PAPER
Bankroll: $5,000

MARKETS ANALYZED: 64
QUALIFIED TRADES: 10
EXECUTED TRADES: 0

======================================================================
QUALIFIED TRADES DETAILS
======================================================================

#1: KXCPICOMBO-25DEC-0129
    Title: Will CPI be Above 0.1% AND YOYCPI be Above 2.9% for Dec 2025?
    Side: YES
    Consensus: 3/3 models
    Edge: 240.0%
    Confidence: 6.3/10
    True Prob: 0.38
    Market Price: $0.10
    Link: https://kalshi.com/markets/KXCPICOMBO-25DEC-0129

#2: KXGDP-26JAN30-T2.0
    Title: Will **real GDP** increase by more than 2.0% in Q4 2025?
    Side: YES
    Consensus: 4/5 models
    Edge: 12.8%
    Confidence: 7.0/10
    True Prob: 0.69
    Market Price: $0.61
    Link: https://kalshi.com/markets/KXGDP-26JAN30-T2.0

#3: KXCPI-25DEC-T0.2
    Title: Will CPI rise more than 0.2% in December 2025?
    Side: YES
    Consensus: 3/3 models
    Edge: 26.8%
    Confidence: 6.7/10
    True Prob: 0.58
    Market Price: $0.46
    Link: https://kalshi.com/markets/KXCPI-25DEC-T0.2

#4: KXGDP-26JAN30-T1.5
    Title: Will **real GDP** increase by more than 1.5% in Q4 2025?
    Side: YES
    Consensus: 3/4 models
    Edge: 12.1%
    Confidence: 7.3/10
    True Prob: 0.73
    Market Price: $0.80
    Link: https://kalshi.com/markets/KXGDP-26JAN30-T1.5

#5: KXGDP-26JAN30-T2.5
    Title: Will **real GDP** increase by more than 2.5% in Q4 2025?
    Side: YES
    Consensus: 4/4 models
    Edge: 31.2%
    Confidence: 6.2/10
    True Prob: 0.56
    Market Price: $0.41
    Link: https://kalshi.com/markets/KXGDP-26JAN30-T2.5

#6: KXHIGHCHI-25DEC24-B42.5
    Title: Will the high temp in Chicago be 42-43° on Dec 24, 2025?
    Side: NO
    Consensus: 3/4 models
    Edge: 61.0%
    Confidence: 8.7/10
    True Prob: 0.38
    Market Price: $0.99
    Link: https://kalshi.com/markets/KXHIGHCHI-25DEC24-B42.5

#7: KXGDP-26JAN30-T1.75
    Title: Will **real GDP** increase by more than 1.75% in Q4 2025?
    Side: YES
    Consensus: 3/4 models
    Edge: 10.3%
    Confidence: 7.3/10
    True Prob: 0.70
    Market Price: $0.72
    Link: https://kalshi.com/markets/KXGDP-26JAN30-T1.75

#8: KXGDP-26JAN30-T0
    Title: Will **real GDP** increase by more than 0% in Q4 2025?
    Side: YES
    Consensus: 3/4 models
    Edge: 8.1%
    Confidence: 7.3/10
    True Prob: 0.87
    Market Price: $0.95
    Link: https://kalshi.com/markets/KXGDP-26JAN30-T0

#9: KXGDP-26JAN30-T1.25
    Title: Will **real GDP** increase by more than 1.25% in Q4 2025?
    Side: YES
    Consensus: 3/3 models
    Edge: 8.6%
    Confidence: 7.3/10
    True Prob: 0.80
    Market Price: $0.83
    Link: https://kalshi.com/markets/KXGDP-26JAN30-T1.25

#10: KXHIGHCHI-25DEC25-B40.5
    Title: Will the high temp in Chicago be 40-41° on Dec 25, 2025?
    Side: NO
    Consensus: 3/3 models
    Edge: 53.1%
    Confidence: 8.0/10
    True Prob: 0.41
    Market Price: $0.96
    Link: https://kalshi.com/markets/KXHIGHCHI-25DEC25-B40.5

======================================================================
CURRENT PORTFOLIO
======================================================================

  KXCPICOMBO-25DEC-027: YES @ $0.35 (681 contracts, $238.35)
  KXCPI-25DEC-T0.2: YES @ $0.45 (525 contracts, $236.25)
  KXGDP-26JAN30-T2.5: YES @ $0.41 (630 contracts, $258.30)
