======================================================================
KALSHI VALUE AGENT - RUN LOG
======================================================================

Timestamp: 2025-12-26 03:58:58
Mode: PAPER
Bankroll: $5,000

MARKETS ANALYZED: 44
QUALIFIED TRADES: 11
EXECUTED TRADES: 0

======================================================================
QUALIFIED TRADES DETAILS
======================================================================

#1: KXGDP-26JAN30-T1.0
    Title: Will **real GDP** increase by more than 1.0% in Q4 2025?
    Side: YES
    Consensus: 3/4 models
    Edge: 11.4%
    Confidence: 7.3/10
    True Prob: 0.81
    Market Price: $0.88
    Link: https://kalshi.com/markets/KXGDP-26JAN30-T1.0

#2: KXCPICOMBO-25DEC-0129
    Title: Will CPI be Above 0.1% AND YOYCPI be Above 2.9% for Dec 2025?
    Side: YES
    Consensus: 4/4 models
    Edge: 250.0%
    Confidence: 6.5/10
    True Prob: 0.35
    Market Price: $0.10
    Link: https://kalshi.com/markets/KXCPICOMBO-25DEC-0129

#3: KXCPICOMBO-25DEC-027
    Title: Will CPI be Above 0% AND YOYCPI be Above 2.7% for Dec 2025?
    Side: YES
    Consensus: 3/4 models
    Edge: 51.1%
    Confidence: 6.3/10
    True Prob: 0.48
    Market Price: $0.32
    Link: https://kalshi.com/markets/KXCPICOMBO-25DEC-027

#4: KXCPI-25DEC-T0.3
    Title: Will CPI rise more than 0.3% in December 2025?
    Side: YES
    Consensus: 3/4 models
    Edge: 56.1%
    Confidence: 6.0/10
    True Prob: 0.25
    Market Price: $0.11
    Link: https://kalshi.com/markets/KXCPI-25DEC-T0.3

#5: KXGDP-26JAN30-T2.5
    Title: Will **real GDP** increase by more than 2.5% in Q4 2025?
    Side: YES
    Consensus: 4/4 models
    Edge: 21.9%
    Confidence: 6.2/10
    True Prob: 0.56
    Market Price: $0.42
    Link: https://kalshi.com/markets/KXGDP-26JAN30-T2.5

#6: KXGDP-26JAN30-T1.5
    Title: Will **real GDP** increase by more than 1.5% in Q4 2025?
    Side: YES
    Consensus: 3/4 models
    Edge: 9.3%
    Confidence: 7.7/10
    True Prob: 0.80
    Market Price: $0.78
    Link: https://kalshi.com/markets/KXGDP-26JAN30-T1.5

#7: KXHIGHCHI-25DEC25-B44.5
    Title: Will the high temp in Chicago be 44-45° on Dec 25, 2025?
    Side: NO
    Consensus: 3/4 models
    Edge: 160.0%
    Confidence: 7.7/10
    True Prob: 0.17
    Market Price: $0.05
    Link: https://kalshi.com/markets/KXHIGHCHI-25DEC25-B44.5

#8: KXGDP-26JAN30-T0
    Title: Will **real GDP** increase by more than 0% in Q4 2025?
    Side: YES
    Consensus: 3/4 models
    Edge: 8.1%
    Confidence: 7.7/10
    True Prob: 0.87
    Market Price: $0.95
    Link: https://kalshi.com/markets/KXGDP-26JAN30-T0

#9: KXGDP-26JAN30-T1.25
    Title: Will **real GDP** increase by more than 1.25% in Q4 2025?
    Side: YES
    Consensus: 3/4 models
    Edge: 9.8%
    Confidence: 7.3/10
    True Prob: 0.80
    Market Price: $0.84
    Link: https://kalshi.com/markets/KXGDP-26JAN30-T1.25

#10: KXJOBLESSCLAIMS-25DEC31-225000
    Title: How many initial jobless claims will there be the week ending Dec 27, 2025?
    Side: NO
    Consensus: 3/3 models
    Edge: 42.9%
    Confidence: 6.7/10
    True Prob: 0.43
    Market Price: $0.71
    Link: https://kalshi.com/markets/KXJOBLESSCLAIMS-25DEC31-225000

#11: KXJOBLESSCLAIMS-25DEC31-220000
    Title: How many initial jobless claims will there be the week ending Dec 27, 2025?
    Side: YES
    Consensus: 3/3 models
    Edge: 30.2%
    Confidence: 6.3/10
    True Prob: 0.47
    Market Price: $0.42
    Link: https://kalshi.com/markets/KXJOBLESSCLAIMS-25DEC31-220000

======================================================================
CURRENT PORTFOLIO
======================================================================

  KXCPICOMBO-25DEC-027: YES @ $0.35 (681 contracts, $238.35)
  KXGDP-26JAN30-T2.5: YES @ $0.41 (630 contracts, $258.30)
  KXGDP-26JAN30-T3.0: YES @ $0.21 (874 contracts, $183.54)
