======================================================================
KALSHI VALUE AGENT - RUN LOG
======================================================================

Timestamp: 2025-12-27 03:04:48
Mode: PAPER
Bankroll: $5,000

MARKETS ANALYZED: 44
QUALIFIED TRADES: 11
EXECUTED TRADES: 0

======================================================================
QUALIFIED TRADES DETAILS
======================================================================

#1: KXHIGHCHI-25DEC26-T49
    Title: Will the high temp in Chicago be <49째 on Dec 26, 2025?
    Side: YES
    Consensus: 3/3 models
    Edge: 3233.3%
    Confidence: 7.7/10
    True Prob: 0.33
    Market Price: $0.01
    Link: https://kalshi.com/markets/KXHIGHCHI-25DEC26-T49

#2: KXCPICOMBO-25DEC-0129
    Title: Will CPI be Above 0.1% AND YOYCPI be Above 2.9% for Dec 2025?
    Side: YES
    Consensus: 3/3 models
    Edge: 241.7%
    Confidence: 6.0/10
    True Prob: 0.37
    Market Price: $0.10
    Link: https://kalshi.com/markets/KXCPICOMBO-25DEC-0129

#3: KXCPI-25DEC-T0.2
    Title: Will CPI rise more than 0.2% in December 2025?
    Side: YES
    Consensus: 4/4 models
    Edge: 28.9%
    Confidence: 6.5/10
    True Prob: 0.57
    Market Price: $0.44
    Link: https://kalshi.com/markets/KXCPI-25DEC-T0.2

#4: KXGDP-26JAN30-T2.5
    Title: Will **real GDP** increase by more than 2.5% in Q4 2025?
    Side: YES
    Consensus: 4/4 models
    Edge: 18.0%
    Confidence: 6.5/10
    True Prob: 0.57
    Market Price: $0.48
    Link: https://kalshi.com/markets/KXGDP-26JAN30-T2.5

#5: KXGDP-26JAN30-T3.5
    Title: Will **real GDP** increase by more than 3.5% in Q4 2025?
    Side: YES
    Consensus: 3/4 models
    Edge: 57.5%
    Confidence: 6.0/10
    True Prob: 0.28
    Market Price: $0.18
    Link: https://kalshi.com/markets/KXGDP-26JAN30-T3.5

#6: KXHIGHCHI-25DEC26-B51.5
    Title: Will the high temp in Chicago be 51-52째 on Dec 26, 2025?
    Side: NO
    Consensus: 3/4 models
    Edge: 61.0%
    Confidence: 8.7/10
    True Prob: 0.38
    Market Price: $0.99
    Link: https://kalshi.com/markets/KXHIGHCHI-25DEC26-B51.5

#7: KXGDP-26JAN30-T1.75
    Title: Will **real GDP** increase by more than 1.75% in Q4 2025?
    Side: YES
    Consensus: 3/4 models
    Edge: 10.1%
    Confidence: 7.7/10
    True Prob: 0.75
    Market Price: $0.73
    Link: https://kalshi.com/markets/KXGDP-26JAN30-T1.75

#8: KXHIGHCHI-25DEC26-B53.5
    Title: Will the high temp in Chicago be 53-54째 on Dec 26, 2025?
    Side: YES
    Consensus: 3/4 models
    Edge: 2333.3%
    Confidence: 6.0/10
    True Prob: 0.24
    Market Price: $0.01
    Link: https://kalshi.com/markets/KXHIGHCHI-25DEC26-B53.5

#9: KXCPICOMBO-25DEC-0231
    Title: Will CPI be Above 0.2% AND YOYCPI be Above 3.1% for Dec 2025?
    Side: YES
    Consensus: 3/4 models
    Edge: 316.7%
    Confidence: 6.3/10
    True Prob: 0.17
    Market Price: $0.04
    Link: https://kalshi.com/markets/KXCPICOMBO-25DEC-0231

#10: KXHIGHCHI-25DEC27-B51.5
    Title: Will the high temp in Chicago be 51-52째 on Dec 27, 2025?
    Side: NO
    Consensus: 3/4 models
    Edge: 59.7%
    Confidence: 7.7/10
    True Prob: 0.38
    Market Price: $0.98
    Link: https://kalshi.com/markets/KXHIGHCHI-25DEC27-B51.5

#11: KXJOBLESSCLAIMS-25DEC31-240000
    Title: How many initial jobless claims will there be the week ending Dec 27, 2025?
    Side: NO
    Consensus: 3/3 models
    Edge: 59.3%
    Confidence: 7.7/10
    True Prob: 0.40
    Market Price: $0.97
    Link: https://kalshi.com/markets/KXJOBLESSCLAIMS-25DEC31-240000

======================================================================
CURRENT PORTFOLIO
======================================================================

  KXCPICOMBO-25DEC-027: YES @ $0.35 (681 contracts, $238.35)
  KXCPI-25DEC-T0.2: YES @ $0.40 (677 contracts, $270.80)
