======================================================================
KALSHI VALUE AGENT - RUN LOG
======================================================================

Timestamp: 2025-12-26 01:40:06
Mode: PAPER
Bankroll: $5,000

MARKETS ANALYZED: 34
QUALIFIED TRADES: 11
EXECUTED TRADES: 0

======================================================================
QUALIFIED TRADES DETAILS
======================================================================

#1: KXHIGHCHI-25DEC25-B42.5
    Title: Will the high temp in Chicago be 42-43째 on Dec 25, 2025?
    Side: NO
    Consensus: 3/4 models
    Edge: 61.0%
    Confidence: 9.0/10
    True Prob: 0.38
    Market Price: $0.99
    Link: https://kalshi.com/markets/KXHIGHCHI-25DEC25-B42.5

#2: KXGDP-26JAN30-T1.0
    Title: Will **real GDP** increase by more than 1.0% in Q4 2025?
    Side: YES
    Consensus: 3/4 models
    Edge: 11.0%
    Confidence: 7.3/10
    True Prob: 0.81
    Market Price: $0.87
    Link: https://kalshi.com/markets/KXGDP-26JAN30-T1.0

#3: KXGDP-26JAN30-T2.0
    Title: Will **real GDP** increase by more than 2.0% in Q4 2025?
    Side: YES
    Consensus: 4/5 models
    Edge: 12.9%
    Confidence: 7.0/10
    True Prob: 0.70
    Market Price: $0.62
    Link: https://kalshi.com/markets/KXGDP-26JAN30-T2.0

#4: KXCPICOMBO-25DEC-0129
    Title: Will CPI be Above 0.1% AND YOYCPI be Above 2.9% for Dec 2025?
    Side: YES
    Consensus: 3/3 models
    Edge: 241.7%
    Confidence: 6.0/10
    True Prob: 0.37
    Market Price: $0.10
    Link: https://kalshi.com/markets/KXCPICOMBO-25DEC-0129

#5: KXCPI-25DEC-T0.3
    Title: Will CPI rise more than 0.3% in December 2025?
    Side: YES
    Consensus: 3/4 models
    Edge: 56.1%
    Confidence: 6.0/10
    True Prob: 0.25
    Market Price: $0.11
    Link: https://kalshi.com/markets/KXCPI-25DEC-T0.3

#6: KXGDP-26JAN30-T2.5
    Title: Will **real GDP** increase by more than 2.5% in Q4 2025?
    Side: YES
    Consensus: 4/5 models
    Edge: 23.0%
    Confidence: 6.0/10
    True Prob: 0.56
    Market Price: $0.42
    Link: https://kalshi.com/markets/KXGDP-26JAN30-T2.5

#7: KXGDP-26JAN30-T1.5
    Title: Will **real GDP** increase by more than 1.5% in Q4 2025?
    Side: YES
    Consensus: 3/4 models
    Edge: 11.9%
    Confidence: 7.3/10
    True Prob: 0.73
    Market Price: $0.78
    Link: https://kalshi.com/markets/KXGDP-26JAN30-T1.5

#8: KXHIGHCHI-25DEC25-B44.5
    Title: Will the high temp in Chicago be 44-45째 on Dec 25, 2025?
    Side: NO
    Consensus: 3/4 models
    Edge: 85.0%
    Confidence: 6.3/10
    True Prob: 0.33
    Market Price: $0.02
    Link: https://kalshi.com/markets/KXHIGHCHI-25DEC25-B44.5

#9: KXHIGHCHI-25DEC25-B46.5
    Title: Will the high temp in Chicago be 46-47째 on Dec 25, 2025?
    Side: NO
    Consensus: 3/3 models
    Edge: 61.0%
    Confidence: 9.0/10
    True Prob: 0.38
    Market Price: $0.99
    Link: https://kalshi.com/markets/KXHIGHCHI-25DEC25-B46.5

#10: KXHIGHCHI-25DEC25-T47
    Title: Will the high temp in Chicago be >47째 on Dec 25, 2025?
    Side: YES
    Consensus: 3/4 models
    Edge: 1233.3%
    Confidence: 7.0/10
    True Prob: 0.13
    Market Price: $0.01
    Link: https://kalshi.com/markets/KXHIGHCHI-25DEC25-T47

#11: KXGDP-26JAN30-T1.25
    Title: Will **real GDP** increase by more than 1.25% in Q4 2025?
    Side: YES
    Consensus: 3/4 models
    Edge: 10.0%
    Confidence: 7.3/10
    True Prob: 0.80
    Market Price: $0.84
    Link: https://kalshi.com/markets/KXGDP-26JAN30-T1.25

======================================================================
CURRENT PORTFOLIO
======================================================================

  KXCPICOMBO-25DEC-027: YES @ $0.35 (681 contracts, $238.35)
  KXGDP-26JAN30-T2.5: YES @ $0.41 (630 contracts, $258.30)
  KXGDP-26JAN30-T3.0: YES @ $0.21 (874 contracts, $183.54)
