======================================================================
KALSHI VALUE AGENT - RUN LOG
======================================================================

Timestamp: 2025-12-25 17:44:36
Mode: PAPER
Bankroll: $5,000

MARKETS ANALYZED: 34
QUALIFIED TRADES: 14
EXECUTED TRADES: 0

======================================================================
QUALIFIED TRADES DETAILS
======================================================================

#1: KXGDP-26JAN30-T1.0
    Title: Will **real GDP** increase by more than 1.0% in Q4 2025?
    Side: YES
    Consensus: 3/4 models
    Edge: 10.9%
    Confidence: 7.0/10
    True Prob: 0.77
    Market Price: $0.86
    Link: https://kalshi.com/markets/KXGDP-26JAN30-T1.0

#2: KXGDP-26JAN30-T2.0
    Title: Will **real GDP** increase by more than 2.0% in Q4 2025?
    Side: YES
    Consensus: 4/5 models
    Edge: 11.7%
    Confidence: 6.8/10
    True Prob: 0.70
    Market Price: $0.62
    Link: https://kalshi.com/markets/KXGDP-26JAN30-T2.0

#3: KXGDP-26JAN30-T3.0
    Title: Will **real GDP** increase by more than 3.0% in Q4 2025?
    Side: YES
    Consensus: 4/5 models
    Edge: 59.5%
    Confidence: 6.2/10
    True Prob: 0.36
    Market Price: $0.21
    Link: https://kalshi.com/markets/KXGDP-26JAN30-T3.0

#4: KXCPICOMBO-25DEC-027
    Title: Will CPI be Above 0% AND YOYCPI be Above 2.7% for Dec 2025?
    Side: YES
    Consensus: 4/5 models
    Edge: 46.1%
    Confidence: 6.2/10
    True Prob: 0.47
    Market Price: $0.32
    Link: https://kalshi.com/markets/KXCPICOMBO-25DEC-027

#5: KXCPI-25DEC-T0.3
    Title: Will CPI rise more than 0.3% in December 2025?
    Side: YES
    Consensus: 3/4 models
    Edge: 134.8%
    Confidence: 6.3/10
    True Prob: 0.30
    Market Price: $0.11
    Link: https://kalshi.com/markets/KXCPI-25DEC-T0.3

#6: KXGDP-26JAN30-T1.5
    Title: Will **real GDP** increase by more than 1.5% in Q4 2025?
    Side: YES
    Consensus: 3/4 models
    Edge: 9.4%
    Confidence: 7.7/10
    True Prob: 0.80
    Market Price: $0.78
    Link: https://kalshi.com/markets/KXGDP-26JAN30-T1.5

#7: KXGDP-26JAN30-T2.5
    Title: Will **real GDP** increase by more than 2.5% in Q4 2025?
    Side: YES
    Consensus: 4/4 models
    Edge: 28.9%
    Confidence: 6.8/10
    True Prob: 0.57
    Market Price: $0.44
    Link: https://kalshi.com/markets/KXGDP-26JAN30-T2.5

#8: KXCPI-25DEC-T0.1
    Title: Will CPI rise more than 0.1% in December 2025?
    Side: YES
    Consensus: 3/4 models
    Edge: 9.8%
    Confidence: 7.7/10
    True Prob: 0.80
    Market Price: $0.85
    Link: https://kalshi.com/markets/KXCPI-25DEC-T0.1

#9: KXCPICOMBO-25DEC-0231
    Title: Will CPI be Above 0.2% AND YOYCPI be Above 3.1% for Dec 2025?
    Side: YES
    Consensus: 3/4 models
    Edge: 190.0%
    Confidence: 6.0/10
    True Prob: 0.14
    Market Price: $0.04
    Link: https://kalshi.com/markets/KXCPICOMBO-25DEC-0231

#10: KXGDP-26JAN30-T1.25
    Title: Will **real GDP** increase by more than 1.25% in Q4 2025?
    Side: YES
    Consensus: 3/4 models
    Edge: 9.7%
    Confidence: 7.3/10
    True Prob: 0.80
    Market Price: $0.84
    Link: https://kalshi.com/markets/KXGDP-26JAN30-T1.25

#11: KXHIGHCHI-25DEC26-T56
    Title: Will the high temp in Chicago be >56° on Dec 26, 2025?
    Side: NO
    Consensus: 4/5 models
    Edge: 42.3%
    Confidence: 8.2/10
    True Prob: 0.51
    Market Price: $0.91
    Link: https://kalshi.com/markets/KXHIGHCHI-25DEC26-T56

#12: KXHIGHCHI-25DEC26-T49
    Title: Will the high temp in Chicago be <49° on Dec 26, 2025?
    Side: YES
    Consensus: 4/5 models
    Edge: 261.8%
    Confidence: 6.8/10
    True Prob: 0.28
    Market Price: $0.06
    Link: https://kalshi.com/markets/KXHIGHCHI-25DEC26-T49

#13: KXCPICOMBO-25DEC-0332
    Title: Will CPI be Above 0.3% AND YOYCPI be Above 3.2% for Dec 2025?
    Side: YES
    Consensus: 3/4 models
    Edge: 208.3%
    Confidence: 6.3/10
    True Prob: 0.12
    Market Price: $0.04
    Link: https://kalshi.com/markets/KXCPICOMBO-25DEC-0332

#14: KXHIGHCHI-25DEC26-B53.5
    Title: Will the high temp in Chicago be 53-54° on Dec 26, 2025?
    Side: NO
    Consensus: 3/3 models
    Edge: 54.5%
    Confidence: 7.0/10
    True Prob: 0.42
    Market Price: $0.93
    Link: https://kalshi.com/markets/KXHIGHCHI-25DEC26-B53.5

======================================================================
CURRENT PORTFOLIO
======================================================================

  KXCPICOMBO-25DEC-027: YES @ $0.35 (681 contracts, $238.35)
  KXGDP-26JAN30-T2.5: YES @ $0.41 (630 contracts, $258.30)
  KXGDP-26JAN30-T3.0: YES @ $0.21 (874 contracts, $183.54)
