======================================================================
KALSHI VALUE AGENT - RUN LOG
======================================================================

Timestamp: 2025-12-23 15:17:07
Mode: PAPER
Bankroll: $5,000

MARKETS ANALYZED: 94
QUALIFIED TRADES: 16
EXECUTED TRADES: 0

======================================================================
QUALIFIED TRADES DETAILS
======================================================================

#1: KXGDP-26JAN30-T1.0
    Title: Will **real GDP** increase by more than 1.0% in Q4 2025?
    Side: YES
    Consensus: 3/4 models
    Edge: 10.9%
    Confidence: 7.3/10
    True Prob: 0.81
    Market Price: $0.86
    Link: https://kalshi.com/markets/KXGDP-26JAN30-T1.0

#2: KXCPICOMBO-25DEC-0129
    Title: Will CPI be Above 0.1% AND YOYCPI be Above 2.9% for Dec 2025?
    Side: YES
    Consensus: 4/4 models
    Edge: 162.5%
    Confidence: 6.2/10
    True Prob: 0.26
    Market Price: $0.10
    Link: https://kalshi.com/markets/KXCPICOMBO-25DEC-0129

#3: KXCPICOMBO-25DEC-027
    Title: Will CPI be Above 0% AND YOYCPI be Above 2.7% for Dec 2025?
    Side: YES
    Consensus: 4/4 models
    Edge: 37.1%
    Confidence: 6.2/10
    True Prob: 0.48
    Market Price: $0.35
    Link: https://kalshi.com/markets/KXCPICOMBO-25DEC-027

#4: KXCPI-25DEC-T0.2
    Title: Will CPI rise more than 0.2% in December 2025?
    Side: YES
    Consensus: 4/4 models
    Edge: 34.7%
    Confidence: 6.8/10
    True Prob: 0.59
    Market Price: $0.44
    Link: https://kalshi.com/markets/KXCPI-25DEC-T0.2

#5: KXGDP-26JAN30-T2.5
    Title: Will **real GDP** increase by more than 2.5% in Q4 2025?
    Side: YES
    Consensus: 3/4 models
    Edge: 40.6%
    Confidence: 6.3/10
    True Prob: 0.45
    Market Price: $0.32
    Link: https://kalshi.com/markets/KXGDP-26JAN30-T2.5

#6: KXHIGHCHI-25DEC23-B47.5
    Title: Will the high temp in Chicago be 47-48° on Dec 23, 2025?
    Side: NO
    Consensus: 3/3 models
    Edge: 60.0%
    Confidence: 8.0/10
    True Prob: 0.38
    Market Price: $0.97
    Link: https://kalshi.com/markets/KXHIGHCHI-25DEC23-B47.5

#7: KXHIGHCHI-25DEC23-T52
    Title: Will the high temp in Chicago be >52° on Dec 23, 2025?
    Side: NO
    Consensus: 3/4 models
    Edge: 30.6%
    Confidence: 7.3/10
    True Prob: 0.67
    Market Price: $0.73
    Link: https://kalshi.com/markets/KXHIGHCHI-25DEC23-T52

#8: KXHIGHCHI-25DEC23-B45.5
    Title: Will the high temp in Chicago be 45-46° on Dec 23, 2025?
    Side: NO
    Consensus: 3/4 models
    Edge: 60.0%
    Confidence: 8.3/10
    True Prob: 0.38
    Market Price: $0.97
    Link: https://kalshi.com/markets/KXHIGHCHI-25DEC23-B45.5

#9: KXGDP-26JAN30-T1.75
    Title: Will **real GDP** increase by more than 1.75% in Q4 2025?
    Side: YES
    Consensus: 4/5 models
    Edge: 10.3%
    Confidence: 7.0/10
    True Prob: 0.71
    Market Price: $0.63
    Link: https://kalshi.com/markets/KXGDP-26JAN30-T1.75

#10: KXGDP-26JAN30-T0
    Title: Will **real GDP** increase by more than 0% in Q4 2025?
    Side: YES
    Consensus: 3/4 models
    Edge: 9.6%
    Confidence: 7.7/10
    True Prob: 0.88
    Market Price: $0.92
    Link: https://kalshi.com/markets/KXGDP-26JAN30-T0

#11: KXGDP-26JAN30-T1.25
    Title: Will **real GDP** increase by more than 1.25% in Q4 2025?
    Side: YES
    Consensus: 3/3 models
    Edge: 8.8%
    Confidence: 7.7/10
    True Prob: 0.80
    Market Price: $0.79
    Link: https://kalshi.com/markets/KXGDP-26JAN30-T1.25

#12: KXJOBLESSCLAIMS-25DEC24-250000
    Title: How many initial jobless claims will there be the week ending Dec 20, 2025?
    Side: NO
    Consensus: 3/3 models
    Edge: 29.8%
    Confidence: 8.3/10
    True Prob: 0.38
    Market Price: $0.94
    Link: https://kalshi.com/markets/KXJOBLESSCLAIMS-25DEC24-250000

#13: KXJOBLESSCLAIMS-25DEC24-270000
    Title: How many initial jobless claims will there be the week ending Dec 20, 2025?
    Side: NO
    Consensus: 3/3 models
    Edge: 62.6%
    Confidence: 8.7/10
    True Prob: 0.37
    Market Price: $0.99
    Link: https://kalshi.com/markets/KXJOBLESSCLAIMS-25DEC24-270000

#14: KXHIGHCHI-25DEC24-T47
    Title: Will the high temp in Chicago be >47° on Dec 24, 2025?
    Side: NO
    Consensus: 3/4 models
    Edge: 58.0%
    Confidence: 6.3/10
    True Prob: 0.09
    Market Price: $0.99
    Link: https://kalshi.com/markets/KXHIGHCHI-25DEC24-T47

#15: KXHIGHCHI-25DEC24-B42.5
    Title: Will the high temp in Chicago be 42-43° on Dec 24, 2025?
    Side: NO
    Consensus: 3/3 models
    Edge: 61.0%
    Confidence: 8.7/10
    True Prob: 0.38
    Market Price: $0.99
    Link: https://kalshi.com/markets/KXHIGHCHI-25DEC24-B42.5

#16: KXINX-25DEC23H1600-B6562
    Title: Will the S&P 500 be between 6550 and 6574.9999 on Dec 23, 2025 at 4pm EST?
    Side: NO
    Consensus: 3/3 models
    Edge: 63.3%
    Confidence: 9.3/10
    True Prob: 0.03
    Market Price: $1.00
    Link: https://kalshi.com/markets/KXINX-25DEC23H1600-B6562

======================================================================
CURRENT PORTFOLIO
======================================================================

  KXGDP-26JAN30-T2.5: YES @ $0.29 (679 contracts, $196.91)
  KXCPICOMBO-25DEC-027: YES @ $0.35 (681 contracts, $238.35)
  KXGDP-26JAN30-T1.75: YES @ $0.62 (445 contracts, $275.90)
  KXCPI-25DEC-T0.2: YES @ $0.45 (525 contracts, $236.25)
