======================================================================
KALSHI VALUE AGENT - RUN LOG
======================================================================

Timestamp: 2025-12-25 00:27:12
Mode: PAPER
Bankroll: $5,000

MARKETS ANALYZED: 64
QUALIFIED TRADES: 8
EXECUTED TRADES: 0

======================================================================
QUALIFIED TRADES DETAILS
======================================================================

#1: KXCPICOMBO-25DEC-0129
    Title: Will CPI be Above 0.1% AND YOYCPI be Above 2.9% for Dec 2025?
    Side: YES
    Consensus: 4/4 models
    Edge: 193.8%
    Confidence: 6.2/10
    True Prob: 0.31
    Market Price: $0.10
    Link: https://kalshi.com/markets/KXCPICOMBO-25DEC-0129

#2: KXGDP-26JAN30-T2.0
    Title: Will **real GDP** increase by more than 2.0% in Q4 2025?
    Side: YES
    Consensus: 4/5 models
    Edge: 12.8%
    Confidence: 7.0/10
    True Prob: 0.69
    Market Price: $0.61
    Link: https://kalshi.com/markets/KXGDP-26JAN30-T2.0

#3: KXCPI-25DEC-T0.2
    Title: Will CPI rise more than 0.2% in December 2025?
    Side: YES
    Consensus: 4/4 models
    Edge: 24.4%
    Confidence: 6.8/10
    True Prob: 0.58
    Market Price: $0.46
    Link: https://kalshi.com/markets/KXCPI-25DEC-T0.2

#4: KXGDP-26JAN30-T1.5
    Title: Will **real GDP** increase by more than 1.5% in Q4 2025?
    Side: YES
    Consensus: 3/4 models
    Edge: 8.7%
    Confidence: 7.7/10
    True Prob: 0.80
    Market Price: $0.79
    Link: https://kalshi.com/markets/KXGDP-26JAN30-T1.5

#5: KXGDP-26JAN30-T2.5
    Title: Will **real GDP** increase by more than 2.5% in Q4 2025?
    Side: YES
    Consensus: 4/4 models
    Edge: 25.5%
    Confidence: 6.0/10
    True Prob: 0.56
    Market Price: $0.44
    Link: https://kalshi.com/markets/KXGDP-26JAN30-T2.5

#6: KXGDP-26JAN30-T1.25
    Title: Will **real GDP** increase by more than 1.25% in Q4 2025?
    Side: YES
    Consensus: 3/3 models
    Edge: 9.6%
    Confidence: 7.3/10
    True Prob: 0.80
    Market Price: $0.84
    Link: https://kalshi.com/markets/KXGDP-26JAN30-T1.25

#7: KXINX-25DEC26H1600-B7012
    Title: Will the S&P 500 be between 7000 and 7024.9999 on Dec 26, 2025 at 4pm EST?
    Side: NO
    Consensus: 3/3 models
    Edge: 57.5%
    Confidence: 8.3/10
    True Prob: 0.41
    Market Price: $0.89
    Link: https://kalshi.com/markets/KXINX-25DEC26H1600-B7012

#8: KXINX-25DEC26H1600-T7124.9999
    Title: Will the S&P 500 be above 7124.9999 on Dec 26, 2025 at 4pm EST?
    Side: NO
    Consensus: 3/4 models
    Edge: 59.3%
    Confidence: 8.7/10
    True Prob: 0.08
    Market Price: $1.00
    Link: https://kalshi.com/markets/KXINX-25DEC26H1600-T7124.9999

======================================================================
CURRENT PORTFOLIO
======================================================================

  KXCPICOMBO-25DEC-027: YES @ $0.35 (681 contracts, $238.35)
  KXCPI-25DEC-T0.2: YES @ $0.45 (525 contracts, $236.25)
  KXGDP-26JAN30-T2.5: YES @ $0.41 (630 contracts, $258.30)
