======================================================================
KALSHI VALUE AGENT - RUN LOG
======================================================================

Timestamp: 2025-12-27 00:48:01
Mode: PAPER
Bankroll: $5,000

MARKETS ANALYZED: 44
QUALIFIED TRADES: 9
EXECUTED TRADES: 0

======================================================================
QUALIFIED TRADES DETAILS
======================================================================

#1: KXHIGHCHI-25DEC26-T49
    Title: Will the high temp in Chicago be <49° on Dec 26, 2025?
    Side: YES
    Consensus: 3/3 models
    Edge: 2630.0%
    Confidence: 6.3/10
    True Prob: 0.30
    Market Price: $0.01
    Link: https://kalshi.com/markets/KXHIGHCHI-25DEC26-T49

#2: KXCPICOMBO-25DEC-027
    Title: Will CPI be Above 0% AND YOYCPI be Above 2.7% for Dec 2025?
    Side: YES
    Consensus: 3/4 models
    Edge: 51.7%
    Confidence: 6.3/10
    True Prob: 0.49
    Market Price: $0.30
    Link: https://kalshi.com/markets/KXCPICOMBO-25DEC-027

#3: KXCPI-25DEC-T0.2
    Title: Will CPI rise more than 0.2% in December 2025?
    Side: YES
    Consensus: 4/4 models
    Edge: 34.4%
    Confidence: 6.8/10
    True Prob: 0.56
    Market Price: $0.40
    Link: https://kalshi.com/markets/KXCPI-25DEC-T0.2

#4: KXGDP-26JAN30-T1.5
    Title: Will **real GDP** increase by more than 1.5% in Q4 2025?
    Side: YES
    Consensus: 3/4 models
    Edge: 8.8%
    Confidence: 7.3/10
    True Prob: 0.80
    Market Price: $0.83
    Link: https://kalshi.com/markets/KXGDP-26JAN30-T1.5

#5: KXGDP-26JAN30-T2.5
    Title: Will **real GDP** increase by more than 2.5% in Q4 2025?
    Side: YES
    Consensus: 4/4 models
    Edge: 18.0%
    Confidence: 6.5/10
    True Prob: 0.57
    Market Price: $0.48
    Link: https://kalshi.com/markets/KXGDP-26JAN30-T2.5

#6: KXGDP-26JAN30-T1.75
    Title: Will **real GDP** increase by more than 1.75% in Q4 2025?
    Side: YES
    Consensus: 3/4 models
    Edge: 10.0%
    Confidence: 7.7/10
    True Prob: 0.75
    Market Price: $0.73
    Link: https://kalshi.com/markets/KXGDP-26JAN30-T1.75

#7: KXHIGHCHI-25DEC27-B49.5
    Title: Will the high temp in Chicago be 49-50° on Dec 27, 2025?
    Side: NO
    Consensus: 3/4 models
    Edge: 34.8%
    Confidence: 7.0/10
    True Prob: 0.63
    Market Price: $0.78
    Link: https://kalshi.com/markets/KXHIGHCHI-25DEC27-B49.5

#8: KXHIGHCHI-25DEC27-T45
    Title: Will the high temp in Chicago be <45° on Dec 27, 2025?
    Side: YES
    Consensus: 4/5 models
    Edge: 196.2%
    Confidence: 6.0/10
    True Prob: 0.16
    Market Price: $0.04
    Link: https://kalshi.com/markets/KXHIGHCHI-25DEC27-T45

#9: KXJOBLESSCLAIMS-25DEC31-240000
    Title: How many initial jobless claims will there be the week ending Dec 27, 2025?
    Side: NO
    Consensus: 3/3 models
    Edge: 61.0%
    Confidence: 8.3/10
    True Prob: 0.38
    Market Price: $0.97
    Link: https://kalshi.com/markets/KXJOBLESSCLAIMS-25DEC31-240000

======================================================================
CURRENT PORTFOLIO
======================================================================

  KXCPICOMBO-25DEC-027: YES @ $0.35 (681 contracts, $238.35)
  KXCPI-25DEC-T0.2: YES @ $0.40 (677 contracts, $270.80)
