======================================================================
KALSHI VALUE AGENT - RUN LOG
======================================================================

Timestamp: 2025-12-27 01:56:43
Mode: PAPER
Bankroll: $5,000

MARKETS ANALYZED: 44
QUALIFIED TRADES: 11
EXECUTED TRADES: 0

======================================================================
QUALIFIED TRADES DETAILS
======================================================================

#1: KXHIGHCHI-25DEC26-T49
    Title: Will the high temp in Chicago be <49° on Dec 26, 2025?
    Side: YES
    Consensus: 4/4 models
    Edge: 2428.5%
    Confidence: 6.5/10
    True Prob: 0.29
    Market Price: $0.01
    Link: https://kalshi.com/markets/KXHIGHCHI-25DEC26-T49

#2: KXCPICOMBO-25DEC-0129
    Title: Will CPI be Above 0.1% AND YOYCPI be Above 2.9% for Dec 2025?
    Side: YES
    Consensus: 3/4 models
    Edge: 250.0%
    Confidence: 6.3/10
    True Prob: 0.35
    Market Price: $0.10
    Link: https://kalshi.com/markets/KXCPICOMBO-25DEC-0129

#3: KXGDP-26JAN30-T3.0
    Title: Will **real GDP** increase by more than 3.0% in Q4 2025?
    Side: NO
    Consensus: 3/4 models
    Edge: 19.3%
    Confidence: 7.0/10
    True Prob: 0.25
    Market Price: $0.71
    Link: https://kalshi.com/markets/KXGDP-26JAN30-T3.0

#4: KXCPI-25DEC-T0.2
    Title: Will CPI rise more than 0.2% in December 2025?
    Side: YES
    Consensus: 4/4 models
    Edge: 26.9%
    Confidence: 6.5/10
    True Prob: 0.58
    Market Price: $0.45
    Link: https://kalshi.com/markets/KXCPI-25DEC-T0.2

#5: KXGDP-26JAN30-T1.5
    Title: Will **real GDP** increase by more than 1.5% in Q4 2025?
    Side: YES
    Consensus: 3/4 models
    Edge: 11.0%
    Confidence: 7.3/10
    True Prob: 0.78
    Market Price: $0.83
    Link: https://kalshi.com/markets/KXGDP-26JAN30-T1.5

#6: KXCPI-25DEC-T0.1
    Title: Will CPI rise more than 0.1% in December 2025?
    Side: YES
    Consensus: 3/4 models
    Edge: 10.0%
    Confidence: 7.3/10
    True Prob: 0.75
    Market Price: $0.73
    Link: https://kalshi.com/markets/KXCPI-25DEC-T0.1

#7: KXGDP-26JAN30-T2.5
    Title: Will **real GDP** increase by more than 2.5% in Q4 2025?
    Side: YES
    Consensus: 3/4 models
    Edge: 20.0%
    Confidence: 7.0/10
    True Prob: 0.62
    Market Price: $0.50
    Link: https://kalshi.com/markets/KXGDP-26JAN30-T2.5

#8: KXGDP-26JAN30-T1.75
    Title: Will **real GDP** increase by more than 1.75% in Q4 2025?
    Side: YES
    Consensus: 3/4 models
    Edge: 10.0%
    Confidence: 7.7/10
    True Prob: 0.75
    Market Price: $0.73
    Link: https://kalshi.com/markets/KXGDP-26JAN30-T1.75

#9: KXHIGHCHI-25DEC27-B49.5
    Title: Will the high temp in Chicago be 49-50° on Dec 27, 2025?
    Side: NO
    Consensus: 3/4 models
    Edge: 34.8%
    Confidence: 7.3/10
    True Prob: 0.63
    Market Price: $0.78
    Link: https://kalshi.com/markets/KXHIGHCHI-25DEC27-B49.5

#10: KXHIGHCHI-25DEC27-T45
    Title: Will the high temp in Chicago be <45° on Dec 27, 2025?
    Side: YES
    Consensus: 4/5 models
    Edge: 116.5%
    Confidence: 6.8/10
    True Prob: 0.19
    Market Price: $0.04
    Link: https://kalshi.com/markets/KXHIGHCHI-25DEC27-T45

#11: KXJOBLESSCLAIMS-25DEC31-240000
    Title: How many initial jobless claims will there be the week ending Dec 27, 2025?
    Side: NO
    Consensus: 3/3 models
    Edge: 61.2%
    Confidence: 8.3/10
    True Prob: 0.38
    Market Price: $0.97
    Link: https://kalshi.com/markets/KXJOBLESSCLAIMS-25DEC31-240000

======================================================================
CURRENT PORTFOLIO
======================================================================

  KXCPICOMBO-25DEC-027: YES @ $0.35 (681 contracts, $238.35)
  KXCPI-25DEC-T0.2: YES @ $0.40 (677 contracts, $270.80)
