======================================================================
KALSHI VALUE AGENT - RUN LOG
======================================================================

Timestamp: 2025-12-24 14:58:44
Mode: PAPER
Bankroll: $5,000

MARKETS ANALYZED: 78
QUALIFIED TRADES: 8
EXECUTED TRADES: 0

======================================================================
QUALIFIED TRADES DETAILS
======================================================================

#1: KXCPICOMBO-25DEC-0129
    Title: Will CPI be Above 0.1% AND YOYCPI be Above 2.9% for Dec 2025?
    Side: YES
    Consensus: 4/4 models
    Edge: 205.0%
    Confidence: 6.0/10
    True Prob: 0.34
    Market Price: $0.10
    Link: https://kalshi.com/markets/KXCPICOMBO-25DEC-0129

#2: KXGDP-26JAN30-T2.0
    Title: Will **real GDP** increase by more than 2.0% in Q4 2025?
    Side: YES
    Consensus: 3/4 models
    Edge: 8.7%
    Confidence: 7.7/10
    True Prob: 0.71
    Market Price: $0.65
    Link: https://kalshi.com/markets/KXGDP-26JAN30-T2.0

#3: KXCPICOMBO-25DEC-027
    Title: Will CPI be Above 0% AND YOYCPI be Above 2.7% for Dec 2025?
    Side: YES
    Consensus: 3/4 models
    Edge: 39.3%
    Confidence: 6.0/10
    True Prob: 0.47
    Market Price: $0.33
    Link: https://kalshi.com/markets/KXCPICOMBO-25DEC-027

#4: KXCPI-25DEC-T0.3
    Title: Will CPI rise more than 0.3% in December 2025?
    Side: YES
    Consensus: 3/3 models
    Edge: 112.7%
    Confidence: 6.3/10
    True Prob: 0.30
    Market Price: $0.13
    Link: https://kalshi.com/markets/KXCPI-25DEC-T0.3

#5: KXGDP-26JAN30-T1.5
    Title: Will **real GDP** increase by more than 1.5% in Q4 2025?
    Side: YES
    Consensus: 3/4 models
    Edge: 10.0%
    Confidence: 7.0/10
    True Prob: 0.75
    Market Price: $0.80
    Link: https://kalshi.com/markets/KXGDP-26JAN30-T1.5

#6: KXGDP-26JAN30-T2.5
    Title: Will **real GDP** increase by more than 2.5% in Q4 2025?
    Side: YES
    Consensus: 4/4 models
    Edge: 17.5%
    Confidence: 6.5/10
    True Prob: 0.57
    Market Price: $0.46
    Link: https://kalshi.com/markets/KXGDP-26JAN30-T2.5

#7: KXGDP-26JAN30-T1.75
    Title: Will **real GDP** increase by more than 1.75% in Q4 2025?
    Side: YES
    Consensus: 4/5 models
    Edge: 10.9%
    Confidence: 6.8/10
    True Prob: 0.72
    Market Price: $0.70
    Link: https://kalshi.com/markets/KXGDP-26JAN30-T1.75

#8: KXINX-25DEC26H1600-B6862
    Title: Will the S&P 500 be between 6850 and 6874.9999 on Dec 26, 2025 at 4pm EST?
    Side: NO
    Consensus: 3/3 models
    Edge: 28.0%
    Confidence: 8.3/10
    True Prob: 0.41
    Market Price: $0.95
    Link: https://kalshi.com/markets/KXINX-25DEC26H1600-B6862

======================================================================
CURRENT PORTFOLIO
======================================================================

  KXCPICOMBO-25DEC-027: YES @ $0.35 (681 contracts, $238.35)
  KXCPI-25DEC-T0.2: YES @ $0.45 (525 contracts, $236.25)
  KXGDP-26JAN30-T2.5: YES @ $0.41 (630 contracts, $258.30)
