======================================================================
KALSHI VALUE AGENT - RUN LOG
======================================================================

Timestamp: 2025-12-25 04:01:53
Mode: PAPER
Bankroll: $5,000

MARKETS ANALYZED: 34
QUALIFIED TRADES: 10
EXECUTED TRADES: 0

======================================================================
QUALIFIED TRADES DETAILS
======================================================================

#1: KXCPICOMBO-25DEC-0129
    Title: Will CPI be Above 0.1% AND YOYCPI be Above 2.9% for Dec 2025?
    Side: YES
    Consensus: 4/4 models
    Edge: 206.2%
    Confidence: 6.2/10
    True Prob: 0.33
    Market Price: $0.10
    Link: https://kalshi.com/markets/KXCPICOMBO-25DEC-0129

#2: KXGDP-26JAN30-T2.0
    Title: Will **real GDP** increase by more than 2.0% in Q4 2025?
    Side: YES
    Consensus: 4/5 models
    Edge: 12.9%
    Confidence: 7.0/10
    True Prob: 0.70
    Market Price: $0.62
    Link: https://kalshi.com/markets/KXGDP-26JAN30-T2.0

#3: KXGDP-26JAN30-T1.5
    Title: Will **real GDP** increase by more than 1.5% in Q4 2025?
    Side: YES
    Consensus: 3/4 models
    Edge: 8.7%
    Confidence: 7.3/10
    True Prob: 0.80
    Market Price: $0.79
    Link: https://kalshi.com/markets/KXGDP-26JAN30-T1.5

#4: KXGDP-26JAN30-T2.5
    Title: Will **real GDP** increase by more than 2.5% in Q4 2025?
    Side: YES
    Consensus: 4/4 models
    Edge: 31.8%
    Confidence: 6.5/10
    True Prob: 0.58
    Market Price: $0.44
    Link: https://kalshi.com/markets/KXGDP-26JAN30-T2.5

#5: KXHIGHCHI-25DEC24-B42.5
    Title: Will the high temp in Chicago be 42-43째 on Dec 24, 2025?
    Side: NO
    Consensus: 3/4 models
    Edge: 61.0%
    Confidence: 9.0/10
    True Prob: 0.38
    Market Price: $0.99
    Link: https://kalshi.com/markets/KXHIGHCHI-25DEC24-B42.5

#6: KXHIGHCHI-25DEC24-B46.5
    Title: Will the high temp in Chicago be 46-47째 on Dec 24, 2025?
    Side: NO
    Consensus: 3/4 models
    Edge: 376.3%
    Confidence: 6.7/10
    True Prob: 0.23
    Market Price: $0.01
    Link: https://kalshi.com/markets/KXHIGHCHI-25DEC24-B46.5

#7: KXGDP-26JAN30-T1.75
    Title: Will **real GDP** increase by more than 1.75% in Q4 2025?
    Side: YES
    Consensus: 3/4 models
    Edge: 10.0%
    Confidence: 7.7/10
    True Prob: 0.75
    Market Price: $0.73
    Link: https://kalshi.com/markets/KXGDP-26JAN30-T1.75

#8: KXHIGHCHI-25DEC25-B46.5
    Title: Will the high temp in Chicago be 46-47째 on Dec 25, 2025?
    Side: NO
    Consensus: 3/3 models
    Edge: 56.3%
    Confidence: 7.7/10
    True Prob: 0.40
    Market Price: $0.93
    Link: https://kalshi.com/markets/KXHIGHCHI-25DEC25-B46.5

#9: KXGDP-26JAN30-T1.25
    Title: Will **real GDP** increase by more than 1.25% in Q4 2025?
    Side: YES
    Consensus: 3/4 models
    Edge: 9.7%
    Confidence: 7.3/10
    True Prob: 0.80
    Market Price: $0.84
    Link: https://kalshi.com/markets/KXGDP-26JAN30-T1.25

#10: KXHIGHCHI-25DEC25-B42.5
    Title: Will the high temp in Chicago be 42-43째 on Dec 25, 2025?
    Side: YES
    Consensus: 3/3 models
    Edge: 44.8%
    Confidence: 6.0/10
    True Prob: 0.42
    Market Price: $0.32
    Link: https://kalshi.com/markets/KXHIGHCHI-25DEC25-B42.5

======================================================================
CURRENT PORTFOLIO
======================================================================

  KXCPICOMBO-25DEC-027: YES @ $0.35 (681 contracts, $238.35)
  KXGDP-26JAN30-T2.5: YES @ $0.41 (630 contracts, $258.30)
  KXGDP-26JAN30-T3.0: YES @ $0.21 (874 contracts, $183.54)
