======================================================================
KALSHI VALUE AGENT - RUN LOG
======================================================================

Timestamp: 2025-12-25 23:21:53
Mode: PAPER
Bankroll: $5,000

MARKETS ANALYZED: 64
QUALIFIED TRADES: 10
EXECUTED TRADES: 0

======================================================================
QUALIFIED TRADES DETAILS
======================================================================

#1: KXGDP-26JAN30-T1.0
    Title: Will **real GDP** increase by more than 1.0% in Q4 2025?
    Side: YES
    Consensus: 3/4 models
    Edge: 11.0%
    Confidence: 7.3/10
    True Prob: 0.81
    Market Price: $0.87
    Link: https://kalshi.com/markets/KXGDP-26JAN30-T1.0

#2: KXGDP-26JAN30-T2.0
    Title: Will **real GDP** increase by more than 2.0% in Q4 2025?
    Side: YES
    Consensus: 4/5 models
    Edge: 12.9%
    Confidence: 7.0/10
    True Prob: 0.70
    Market Price: $0.62
    Link: https://kalshi.com/markets/KXGDP-26JAN30-T2.0

#3: KXCPICOMBO-25DEC-0129
    Title: Will CPI be Above 0.1% AND YOYCPI be Above 2.9% for Dec 2025?
    Side: YES
    Consensus: 4/4 models
    Edge: 112.5%
    Confidence: 6.8/10
    True Prob: 0.32
    Market Price: $0.10
    Link: https://kalshi.com/markets/KXCPICOMBO-25DEC-0129

#4: KXCPICOMBO-25DEC-027
    Title: Will CPI be Above 0% AND YOYCPI be Above 2.7% for Dec 2025?
    Side: YES
    Consensus: 3/4 models
    Edge: 50.8%
    Confidence: 6.3/10
    True Prob: 0.48
    Market Price: $0.32
    Link: https://kalshi.com/markets/KXCPICOMBO-25DEC-027

#5: KXCPI-25DEC-T0.3
    Title: Will CPI rise more than 0.3% in December 2025?
    Side: YES
    Consensus: 3/4 models
    Edge: 119.7%
    Confidence: 6.3/10
    True Prob: 0.28
    Market Price: $0.11
    Link: https://kalshi.com/markets/KXCPI-25DEC-T0.3

#6: KXGDP-26JAN30-T2.5
    Title: Will **real GDP** increase by more than 2.5% in Q4 2025?
    Side: YES
    Consensus: 4/4 models
    Edge: 31.9%
    Confidence: 6.5/10
    True Prob: 0.55
    Market Price: $0.40
    Link: https://kalshi.com/markets/KXGDP-26JAN30-T2.5

#7: KXGDP-26JAN30-T1.5
    Title: Will **real GDP** increase by more than 1.5% in Q4 2025?
    Side: YES
    Consensus: 3/4 models
    Edge: 11.6%
    Confidence: 7.3/10
    True Prob: 0.78
    Market Price: $0.78
    Link: https://kalshi.com/markets/KXGDP-26JAN30-T1.5

#8: KXCPI-25DEC-T0.0
    Title: Will CPI rise more than 0.0% in December 2025?
    Side: NO
    Consensus: 3/4 models
    Edge: 114.9%
    Confidence: 7.0/10
    True Prob: 0.48
    Market Price: $0.09
    Link: https://kalshi.com/markets/KXCPI-25DEC-T0.0

#9: KXGDP-26JAN30-T1.25
    Title: Will **real GDP** increase by more than 1.25% in Q4 2025?
    Side: YES
    Consensus: 3/4 models
    Edge: 9.5%
    Confidence: 7.3/10
    True Prob: 0.80
    Market Price: $0.84
    Link: https://kalshi.com/markets/KXGDP-26JAN30-T1.25

#10: KXINX-25DEC26H1600-B7012
    Title: Will the S&P 500 be between 7000 and 7024.9999 on Dec 26, 2025 at 4pm EST?
    Side: NO
    Consensus: 3/3 models
    Edge: 30.6%
    Confidence: 8.3/10
    True Prob: 0.40
    Market Price: $0.89
    Link: https://kalshi.com/markets/KXINX-25DEC26H1600-B7012

======================================================================
CURRENT PORTFOLIO
======================================================================

  KXCPICOMBO-25DEC-027: YES @ $0.35 (681 contracts, $238.35)
  KXGDP-26JAN30-T2.5: YES @ $0.41 (630 contracts, $258.30)
  KXGDP-26JAN30-T3.0: YES @ $0.21 (874 contracts, $183.54)
