======================================================================
KALSHI VALUE AGENT - RUN LOG
======================================================================

Timestamp: 2025-12-23 16:35:26
Mode: PAPER
Bankroll: $5,000

MARKETS ANALYZED: 44
QUALIFIED TRADES: 15
EXECUTED TRADES: 0

======================================================================
QUALIFIED TRADES DETAILS
======================================================================

#1: KXGDP-26JAN30-T1.0
    Title: Will **real GDP** increase by more than 1.0% in Q4 2025?
    Side: YES
    Consensus: 3/4 models
    Edge: 9.2%
    Confidence: 7.3/10
    True Prob: 0.82
    Market Price: $0.87
    Link: https://kalshi.com/markets/KXGDP-26JAN30-T1.0

#2: KXCPICOMBO-25DEC-0129
    Title: Will CPI be Above 0.1% AND YOYCPI be Above 2.9% for Dec 2025?
    Side: YES
    Consensus: 3/3 models
    Edge: 73.3%
    Confidence: 6.0/10
    True Prob: 0.37
    Market Price: $0.10
    Link: https://kalshi.com/markets/KXCPICOMBO-25DEC-0129

#3: KXCPICOMBO-25DEC-027
    Title: Will CPI be Above 0% AND YOYCPI be Above 2.7% for Dec 2025?
    Side: YES
    Consensus: 4/4 models
    Edge: 40.7%
    Confidence: 6.2/10
    True Prob: 0.49
    Market Price: $0.35
    Link: https://kalshi.com/markets/KXCPICOMBO-25DEC-027

#4: KXCPI-25DEC-T0.3
    Title: Will CPI rise more than 0.3% in December 2025?
    Side: YES
    Consensus: 4/5 models
    Edge: 131.2%
    Confidence: 6.5/10
    True Prob: 0.25
    Market Price: $0.10
    Link: https://kalshi.com/markets/KXCPI-25DEC-T0.3

#5: KXGDP-26JAN30-T1.5
    Title: Will **real GDP** increase by more than 1.5% in Q4 2025?
    Side: YES
    Consensus: 3/4 models
    Edge: 10.4%
    Confidence: 7.3/10
    True Prob: 0.76
    Market Price: $0.74
    Link: https://kalshi.com/markets/KXGDP-26JAN30-T1.5

#6: KXCPI-25DEC-T0.2
    Title: Will CPI rise more than 0.2% in December 2025?
    Side: YES
    Consensus: 3/3 models
    Edge: 36.4%
    Confidence: 7.0/10
    True Prob: 0.60
    Market Price: $0.44
    Link: https://kalshi.com/markets/KXCPI-25DEC-T0.2

#7: KXHIGHCHI-25DEC23-B47.5
    Title: Will the high temp in Chicago be 47-48° on Dec 23, 2025?
    Side: NO
    Consensus: 3/3 models
    Edge: 60.0%
    Confidence: 8.0/10
    True Prob: 0.38
    Market Price: $0.97
    Link: https://kalshi.com/markets/KXHIGHCHI-25DEC23-B47.5

#8: KXGDP-26JAN30-T1.75
    Title: Will **real GDP** increase by more than 1.75% in Q4 2025?
    Side: YES
    Consensus: 4/5 models
    Edge: 10.3%
    Confidence: 6.8/10
    True Prob: 0.71
    Market Price: $0.63
    Link: https://kalshi.com/markets/KXGDP-26JAN30-T1.75

#9: KXGDP-26JAN30-T0
    Title: Will **real GDP** increase by more than 0% in Q4 2025?
    Side: YES
    Consensus: 3/4 models
    Edge: 8.4%
    Confidence: 7.7/10
    True Prob: 0.88
    Market Price: $0.92
    Link: https://kalshi.com/markets/KXGDP-26JAN30-T0

#10: KXCPICOMBO-25DEC-0231
    Title: Will CPI be Above 0.2% AND YOYCPI be Above 3.1% for Dec 2025?
    Side: YES
    Consensus: 3/4 models
    Edge: 280.0%
    Confidence: 6.3/10
    True Prob: 0.12
    Market Price: $0.03
    Link: https://kalshi.com/markets/KXCPICOMBO-25DEC-0231

#11: KXGDP-26JAN30-T1.25
    Title: Will **real GDP** increase by more than 1.25% in Q4 2025?
    Side: YES
    Consensus: 3/4 models
    Edge: 8.7%
    Confidence: 7.7/10
    True Prob: 0.80
    Market Price: $0.79
    Link: https://kalshi.com/markets/KXGDP-26JAN30-T1.25

#12: KXJOBLESSCLAIMS-25DEC24-250000
    Title: How many initial jobless claims will there be the week ending Dec 20, 2025?
    Side: NO
    Consensus: 3/3 models
    Edge: 55.8%
    Confidence: 8.0/10
    True Prob: 0.38
    Market Price: $0.94
    Link: https://kalshi.com/markets/KXJOBLESSCLAIMS-25DEC24-250000

#13: KXCPICOMBO-25DEC-0332
    Title: Will CPI be Above 0.3% AND YOYCPI be Above 3.2% for Dec 2025?
    Side: YES
    Consensus: 3/4 models
    Edge: 213.3%
    Confidence: 6.3/10
    True Prob: 0.16
    Market Price: $0.05
    Link: https://kalshi.com/markets/KXCPICOMBO-25DEC-0332

#14: KXHIGHCHI-25DEC24-T40
    Title: Will the high temp in Chicago be <40° on Dec 24, 2025?
    Side: YES
    Consensus: 4/5 models
    Edge: 121.0%
    Confidence: 6.2/10
    True Prob: 0.27
    Market Price: $0.02
    Link: https://kalshi.com/markets/KXHIGHCHI-25DEC24-T40

#15: KXHIGHCHI-25DEC24-B40.5
    Title: Will the high temp in Chicago be 40-41° on Dec 24, 2025?
    Side: NO
    Consensus: 4/4 models
    Edge: 46.0%
    Confidence: 8.2/10
    True Prob: 0.29
    Market Price: $0.98
    Link: https://kalshi.com/markets/KXHIGHCHI-25DEC24-B40.5

======================================================================
CURRENT PORTFOLIO
======================================================================

  KXGDP-26JAN30-T2.5: YES @ $0.29 (679 contracts, $196.91)
  KXCPICOMBO-25DEC-027: YES @ $0.35 (681 contracts, $238.35)
  KXGDP-26JAN30-T1.75: YES @ $0.62 (445 contracts, $275.90)
  KXCPI-25DEC-T0.2: YES @ $0.45 (525 contracts, $236.25)
