======================================================================
KALSHI VALUE AGENT - RUN LOG
======================================================================

Timestamp: 2025-12-24 19:47:54
Mode: PAPER
Bankroll: $5,000

MARKETS ANALYZED: 34
QUALIFIED TRADES: 13
EXECUTED TRADES: 0

======================================================================
QUALIFIED TRADES DETAILS
======================================================================

#1: KXGDP-26JAN30-T1.0
    Title: Will **real GDP** increase by more than 1.0% in Q4 2025?
    Side: YES
    Consensus: 3/4 models
    Edge: 11.6%
    Confidence: 7.0/10
    True Prob: 0.81
    Market Price: $0.89
    Link: https://kalshi.com/markets/KXGDP-26JAN30-T1.0

#2: KXCPICOMBO-25DEC-0129
    Title: Will CPI be Above 0.1% AND YOYCPI be Above 2.9% for Dec 2025?
    Side: YES
    Consensus: 4/4 models
    Edge: 68.2%
    Confidence: 6.2/10
    True Prob: 0.31
    Market Price: $0.11
    Link: https://kalshi.com/markets/KXCPICOMBO-25DEC-0129

#3: KXGDP-26JAN30-T2.0
    Title: Will **real GDP** increase by more than 2.0% in Q4 2025?
    Side: YES
    Consensus: 4/5 models
    Edge: 12.8%
    Confidence: 7.0/10
    True Prob: 0.69
    Market Price: $0.61
    Link: https://kalshi.com/markets/KXGDP-26JAN30-T2.0

#4: KXCPI-25DEC-T0.2
    Title: Will CPI rise more than 0.2% in December 2025?
    Side: YES
    Consensus: 3/3 models
    Edge: 24.6%
    Confidence: 6.0/10
    True Prob: 0.53
    Market Price: $0.46
    Link: https://kalshi.com/markets/KXCPI-25DEC-T0.2

#5: KXGDP-26JAN30-T1.5
    Title: Will **real GDP** increase by more than 1.5% in Q4 2025?
    Side: YES
    Consensus: 3/4 models
    Edge: 12.4%
    Confidence: 7.0/10
    True Prob: 0.73
    Market Price: $0.80
    Link: https://kalshi.com/markets/KXGDP-26JAN30-T1.5

#6: KXGDP-26JAN30-T2.5
    Title: Will **real GDP** increase by more than 2.5% in Q4 2025?
    Side: YES
    Consensus: 4/4 models
    Edge: 29.7%
    Confidence: 6.2/10
    True Prob: 0.49
    Market Price: $0.38
    Link: https://kalshi.com/markets/KXGDP-26JAN30-T2.5

#7: KXHIGHCHI-25DEC24-B42.5
    Title: Will the high temp in Chicago be 42-43째 on Dec 24, 2025?
    Side: NO
    Consensus: 3/4 models
    Edge: 61.0%
    Confidence: 9.0/10
    True Prob: 0.38
    Market Price: $0.99
    Link: https://kalshi.com/markets/KXHIGHCHI-25DEC24-B42.5

#8: KXHIGHCHI-25DEC24-B40.5
    Title: Will the high temp in Chicago be 40-41째 on Dec 24, 2025?
    Side: NO
    Consensus: 3/3 models
    Edge: 94.0%
    Confidence: 8.7/10
    True Prob: 0.05
    Market Price: $0.99
    Link: https://kalshi.com/markets/KXHIGHCHI-25DEC24-B40.5

#9: KXGDP-26JAN30-T1.75
    Title: Will **real GDP** increase by more than 1.75% in Q4 2025?
    Side: YES
    Consensus: 4/5 models
    Edge: 10.9%
    Confidence: 6.8/10
    True Prob: 0.72
    Market Price: $0.70
    Link: https://kalshi.com/markets/KXGDP-26JAN30-T1.75

#10: KXCPICOMBO-25DEC-0231
    Title: Will CPI be Above 0.2% AND YOYCPI be Above 3.1% for Dec 2025?
    Side: YES
    Consensus: 3/4 models
    Edge: 291.7%
    Confidence: 6.3/10
    True Prob: 0.16
    Market Price: $0.04
    Link: https://kalshi.com/markets/KXCPICOMBO-25DEC-0231

#11: KXGDP-26JAN30-T1.25
    Title: Will **real GDP** increase by more than 1.25% in Q4 2025?
    Side: YES
    Consensus: 3/3 models
    Edge: 8.6%
    Confidence: 7.3/10
    True Prob: 0.80
    Market Price: $0.83
    Link: https://kalshi.com/markets/KXGDP-26JAN30-T1.25

#12: KXHIGHCHI-25DEC25-B42.5
    Title: Will the high temp in Chicago be 42-43째 on Dec 25, 2025?
    Side: YES
    Consensus: 3/3 models
    Edge: 34.4%
    Confidence: 6.3/10
    True Prob: 0.38
    Market Price: $0.32
    Link: https://kalshi.com/markets/KXHIGHCHI-25DEC25-B42.5

#13: KXHIGHCHI-25DEC25-B40.5
    Title: Will the high temp in Chicago be 40-41째 on Dec 25, 2025?
    Side: NO
    Consensus: 3/3 models
    Edge: 40.0%
    Confidence: 8.0/10
    True Prob: 0.38
    Market Price: $0.97
    Link: https://kalshi.com/markets/KXHIGHCHI-25DEC25-B40.5

======================================================================
CURRENT PORTFOLIO
======================================================================

  KXCPICOMBO-25DEC-027: YES @ $0.35 (681 contracts, $238.35)
  KXCPI-25DEC-T0.2: YES @ $0.45 (525 contracts, $236.25)
  KXGDP-26JAN30-T2.5: YES @ $0.41 (630 contracts, $258.30)
