======================================================================
KALSHI VALUE AGENT - RUN LOG
======================================================================

Timestamp: 2025-12-26 05:09:30
Mode: PAPER
Bankroll: $5,000

MARKETS ANALYZED: 74
QUALIFIED TRADES: 14
EXECUTED TRADES: 0

======================================================================
QUALIFIED TRADES DETAILS
======================================================================

#1: KXGDP-26JAN30-T1.0
    Title: Will **real GDP** increase by more than 1.0% in Q4 2025?
    Side: YES
    Consensus: 3/4 models
    Edge: 11.4%
    Confidence: 7.3/10
    True Prob: 0.81
    Market Price: $0.88
    Link: https://kalshi.com/markets/KXGDP-26JAN30-T1.0

#2: KXCPICOMBO-25DEC-0129
    Title: Will CPI be Above 0.1% AND YOYCPI be Above 2.9% for Dec 2025?
    Side: YES
    Consensus: 4/4 models
    Edge: 80.0%
    Confidence: 6.0/10
    True Prob: 0.32
    Market Price: $0.10
    Link: https://kalshi.com/markets/KXCPICOMBO-25DEC-0129

#3: KXGDP-26JAN30-T3.0
    Title: Will **real GDP** increase by more than 3.0% in Q4 2025?
    Side: YES
    Consensus: 4/5 models
    Edge: 68.8%
    Confidence: 6.2/10
    True Prob: 0.45
    Market Price: $0.25
    Link: https://kalshi.com/markets/KXGDP-26JAN30-T3.0

#4: KXGDP-26JAN30-T2.5
    Title: Will **real GDP** increase by more than 2.5% in Q4 2025?
    Side: YES
    Consensus: 4/4 models
    Edge: 35.5%
    Confidence: 6.8/10
    True Prob: 0.59
    Market Price: $0.42
    Link: https://kalshi.com/markets/KXGDP-26JAN30-T2.5

#5: KXGDP-26JAN30-T1.5
    Title: Will **real GDP** increase by more than 1.5% in Q4 2025?
    Side: YES
    Consensus: 3/4 models
    Edge: 12.0%
    Confidence: 7.0/10
    True Prob: 0.73
    Market Price: $0.78
    Link: https://kalshi.com/markets/KXGDP-26JAN30-T1.5

#6: KXHIGHCHI-25DEC25-B44.5
    Title: Will the high temp in Chicago be 44-45° on Dec 25, 2025?
    Side: NO
    Consensus: 3/4 models
    Edge: 85.0%
    Confidence: 6.0/10
    True Prob: 0.33
    Market Price: $0.02
    Link: https://kalshi.com/markets/KXHIGHCHI-25DEC25-B44.5

#7: KXHIGHCHI-25DEC26-T56
    Title: Will the high temp in Chicago be >56° on Dec 26, 2025?
    Side: YES
    Consensus: 3/4 models
    Edge: 233.7%
    Confidence: 6.7/10
    True Prob: 0.22
    Market Price: $0.04
    Link: https://kalshi.com/markets/KXHIGHCHI-25DEC26-T56

#8: KXGDP-26JAN30-T1.25
    Title: Will **real GDP** increase by more than 1.25% in Q4 2025?
    Side: YES
    Consensus: 3/4 models
    Edge: 10.0%
    Confidence: 7.3/10
    True Prob: 0.80
    Market Price: $0.84
    Link: https://kalshi.com/markets/KXGDP-26JAN30-T1.25

#9: KXHIGHCHI-25DEC26-T49
    Title: Will the high temp in Chicago be <49° on Dec 26, 2025?
    Side: YES
    Consensus: 4/5 models
    Edge: 143.1%
    Confidence: 6.2/10
    True Prob: 0.21
    Market Price: $0.08
    Link: https://kalshi.com/markets/KXHIGHCHI-25DEC26-T49

#10: KXHIGHCHI-25DEC26-B53.5
    Title: Will the high temp in Chicago be 53-54° on Dec 26, 2025?
    Side: NO
    Consensus: 4/4 models
    Edge: 42.3%
    Confidence: 6.8/10
    True Prob: 0.56
    Market Price: $0.93
    Link: https://kalshi.com/markets/KXHIGHCHI-25DEC26-B53.5

#11: KXHIGHCHI-25DEC26-B55.5
    Title: Will the high temp in Chicago be 55-56° on Dec 26, 2025?
    Side: NO
    Consensus: 3/3 models
    Edge: 53.0%
    Confidence: 8.0/10
    True Prob: 0.42
    Market Price: $0.94
    Link: https://kalshi.com/markets/KXHIGHCHI-25DEC26-B55.5

#12: KXCPICOMBO-25DEC-0332
    Title: Will CPI be Above 0.3% AND YOYCPI be Above 3.2% for Dec 2025?
    Side: YES
    Consensus: 3/4 models
    Edge: 208.3%
    Confidence: 6.3/10
    True Prob: 0.12
    Market Price: $0.04
    Link: https://kalshi.com/markets/KXCPICOMBO-25DEC-0332

#13: KXJOBLESSCLAIMS-25DEC31-250000
    Title: How many initial jobless claims will there be the week ending Dec 27, 2025?
    Side: NO
    Consensus: 3/3 models
    Edge: 62.6%
    Confidence: 8.7/10
    True Prob: 0.37
    Market Price: $0.99
    Link: https://kalshi.com/markets/KXJOBLESSCLAIMS-25DEC31-250000

#14: KXJOBLESSCLAIMS-25DEC31-260000
    Title: How many initial jobless claims will there be the week ending Dec 27, 2025?
    Side: NO
    Consensus: 3/3 models
    Edge: 61.3%
    Confidence: 8.3/10
    True Prob: 0.38
    Market Price: $0.99
    Link: https://kalshi.com/markets/KXJOBLESSCLAIMS-25DEC31-260000

======================================================================
CURRENT PORTFOLIO
======================================================================

  KXCPICOMBO-25DEC-027: YES @ $0.35 (681 contracts, $238.35)
  KXGDP-26JAN30-T2.5: YES @ $0.41 (630 contracts, $258.30)
  KXGDP-26JAN30-T3.0: YES @ $0.21 (874 contracts, $183.54)
