======================================================================
KALSHI VALUE AGENT - RUN LOG
======================================================================

Timestamp: 2025-12-23 14:09:38
Mode: PAPER
Bankroll: $5,000

MARKETS ANALYZED: 38
QUALIFIED TRADES: 11
EXECUTED TRADES: 0

======================================================================
QUALIFIED TRADES DETAILS
======================================================================

#1: KXGDP-26JAN30-T1.0
    Title: Will **real GDP** increase by more than 1.0% in Q4 2025?
    Side: YES
    Consensus: 3/4 models
    Edge: 10.9%
    Confidence: 7.3/10
    True Prob: 0.81
    Market Price: $0.86
    Link: https://kalshi.com/markets/KXGDP-26JAN30-T1.0

#2: KXCPICOMBO-25DEC-0129
    Title: Will CPI be Above 0.1% AND YOYCPI be Above 2.9% for Dec 2025?
    Side: YES
    Consensus: 4/4 models
    Edge: 180.0%
    Confidence: 6.2/10
    True Prob: 0.31
    Market Price: $0.10
    Link: https://kalshi.com/markets/KXCPICOMBO-25DEC-0129

#3: KXCPICOMBO-25DEC-027
    Title: Will CPI be Above 0% AND YOYCPI be Above 2.7% for Dec 2025?
    Side: YES
    Consensus: 4/4 models
    Edge: 40.7%
    Confidence: 6.5/10
    True Prob: 0.49
    Market Price: $0.35
    Link: https://kalshi.com/markets/KXCPICOMBO-25DEC-027

#4: KXGDP-26JAN30-T1.5
    Title: Will **real GDP** increase by more than 1.5% in Q4 2025?
    Side: YES
    Consensus: 3/4 models
    Edge: 9.5%
    Confidence: 7.0/10
    True Prob: 0.75
    Market Price: $0.74
    Link: https://kalshi.com/markets/KXGDP-26JAN30-T1.5

#5: KXCPI-25DEC-T0.2
    Title: Will CPI rise more than 0.2% in December 2025?
    Side: YES
    Consensus: 3/3 models
    Edge: 39.7%
    Confidence: 7.0/10
    True Prob: 0.60
    Market Price: $0.43
    Link: https://kalshi.com/markets/KXCPI-25DEC-T0.2

#6: KXHIGHCHI-25DEC23-B47.5
    Title: Will the high temp in Chicago be 47-48° on Dec 23, 2025?
    Side: NO
    Consensus: 3/3 models
    Edge: 53.0%
    Confidence: 8.0/10
    True Prob: 0.42
    Market Price: $0.94
    Link: https://kalshi.com/markets/KXHIGHCHI-25DEC23-B47.5

#7: KXGDP-26JAN30-T1.75
    Title: Will **real GDP** increase by more than 1.75% in Q4 2025?
    Side: YES
    Consensus: 4/4 models
    Edge: 12.5%
    Confidence: 7.2/10
    True Prob: 0.72
    Market Price: $0.63
    Link: https://kalshi.com/markets/KXGDP-26JAN30-T1.75

#8: KXGDP-26JAN30-T0
    Title: Will **real GDP** increase by more than 0% in Q4 2025?
    Side: YES
    Consensus: 3/4 models
    Edge: 9.8%
    Confidence: 7.3/10
    True Prob: 0.88
    Market Price: $0.92
    Link: https://kalshi.com/markets/KXGDP-26JAN30-T0

#9: KXHIGHCHI-25DEC23-B45.5
    Title: Will the high temp in Chicago be 45-46° on Dec 23, 2025?
    Side: NO
    Consensus: 3/4 models
    Edge: 58.6%
    Confidence: 8.0/10
    True Prob: 0.39
    Market Price: $0.97
    Link: https://kalshi.com/markets/KXHIGHCHI-25DEC23-B45.5

#10: KXGDP-26JAN30-T1.25
    Title: Will **real GDP** increase by more than 1.25% in Q4 2025?
    Side: YES
    Consensus: 3/3 models
    Edge: 8.9%
    Confidence: 7.7/10
    True Prob: 0.80
    Market Price: $0.79
    Link: https://kalshi.com/markets/KXGDP-26JAN30-T1.25

#11: KXJOBLESSCLAIMS-25DEC24-250000
    Title: How many initial jobless claims will there be the week ending Dec 20, 2025?
    Side: NO
    Consensus: 3/3 models
    Edge: 29.8%
    Confidence: 8.0/10
    True Prob: 0.38
    Market Price: $0.94
    Link: https://kalshi.com/markets/KXJOBLESSCLAIMS-25DEC24-250000

======================================================================
CURRENT PORTFOLIO
======================================================================

  KXGDP-26JAN30-T2.5: YES @ $0.29 (679 contracts, $196.91)
  KXCPICOMBO-25DEC-027: YES @ $0.35 (681 contracts, $238.35)
  KXGDP-26JAN30-T1.75: YES @ $0.62 (445 contracts, $275.90)
  KXCPI-25DEC-T0.2: YES @ $0.45 (525 contracts, $236.25)
