======================================================================
KALSHI VALUE AGENT - RUN LOG
======================================================================

Timestamp: 2025-12-23 23:43:16
Mode: PAPER
Bankroll: $5,000

MARKETS ANALYZED: 74
QUALIFIED TRADES: 13
EXECUTED TRADES: 0

======================================================================
QUALIFIED TRADES DETAILS
======================================================================

#1: KXGDP-26JAN30-T1.0
    Title: Will **real GDP** increase by more than 1.0% in Q4 2025?
    Side: YES
    Consensus: 3/4 models
    Edge: 11.6%
    Confidence: 7.3/10
    True Prob: 0.81
    Market Price: $0.89
    Link: https://kalshi.com/markets/KXGDP-26JAN30-T1.0

#2: KXCPICOMBO-25DEC-0129
    Title: Will CPI be Above 0.1% AND YOYCPI be Above 2.9% for Dec 2025?
    Side: YES
    Consensus: 3/3 models
    Edge: 200.2%
    Confidence: 6.3/10
    True Prob: 0.35
    Market Price: $0.10
    Link: https://kalshi.com/markets/KXCPICOMBO-25DEC-0129

#3: KXGDP-26JAN30-T2.0
    Title: Will **real GDP** increase by more than 2.0% in Q4 2025?
    Side: YES
    Consensus: 4/5 models
    Edge: 12.5%
    Confidence: 6.8/10
    True Prob: 0.67
    Market Price: $0.60
    Link: https://kalshi.com/markets/KXGDP-26JAN30-T2.0

#4: KXCPICOMBO-25DEC-027
    Title: Will CPI be Above 0% AND YOYCPI be Above 2.7% for Dec 2025?
    Side: YES
    Consensus: 4/4 models
    Edge: 40.7%
    Confidence: 6.2/10
    True Prob: 0.49
    Market Price: $0.35
    Link: https://kalshi.com/markets/KXCPICOMBO-25DEC-027

#5: KXCPI-25DEC-T0.2
    Title: Will CPI rise more than 0.2% in December 2025?
    Side: YES
    Consensus: 3/3 models
    Edge: 30.4%
    Confidence: 6.7/10
    True Prob: 0.60
    Market Price: $0.46
    Link: https://kalshi.com/markets/KXCPI-25DEC-T0.2

#6: KXGDP-26JAN30-T1.5
    Title: Will **real GDP** increase by more than 1.5% in Q4 2025?
    Side: YES
    Consensus: 3/4 models
    Edge: 11.6%
    Confidence: 7.3/10
    True Prob: 0.78
    Market Price: $0.78
    Link: https://kalshi.com/markets/KXGDP-26JAN30-T1.5

#7: KXGDP-26JAN30-T2.5
    Title: Will **real GDP** increase by more than 2.5% in Q4 2025?
    Side: YES
    Consensus: 4/4 models
    Edge: 31.2%
    Confidence: 6.2/10
    True Prob: 0.56
    Market Price: $0.41
    Link: https://kalshi.com/markets/KXGDP-26JAN30-T2.5

#8: KXCPI-25DEC-T0.1
    Title: Will CPI rise more than 0.1% in December 2025?
    Side: YES
    Consensus: 3/4 models
    Edge: 10.4%
    Confidence: 7.3/10
    True Prob: 0.82
    Market Price: $0.80
    Link: https://kalshi.com/markets/KXCPI-25DEC-T0.1

#9: KXHIGHCHI-25DEC23-T52
    Title: Will the high temp in Chicago be >52° on Dec 23, 2025?
    Side: NO
    Consensus: 3/4 models
    Edge: 168.0%
    Confidence: 8.0/10
    True Prob: 0.33
    Market Price: $0.01
    Link: https://kalshi.com/markets/KXHIGHCHI-25DEC23-T52

#10: KXGDP-26JAN30-T1.75
    Title: Will **real GDP** increase by more than 1.75% in Q4 2025?
    Side: YES
    Consensus: 4/5 models
    Edge: 12.5%
    Confidence: 7.0/10
    True Prob: 0.74
    Market Price: $0.70
    Link: https://kalshi.com/markets/KXGDP-26JAN30-T1.75

#11: KXGDP-26JAN30-T0
    Title: Will **real GDP** increase by more than 0% in Q4 2025?
    Side: YES
    Consensus: 3/4 models
    Edge: 8.1%
    Confidence: 7.3/10
    True Prob: 0.87
    Market Price: $0.95
    Link: https://kalshi.com/markets/KXGDP-26JAN30-T0

#12: KXHIGHCHI-25DEC24-B40.5
    Title: Will the high temp in Chicago be 40-41° on Dec 24, 2025?
    Side: NO
    Consensus: 3/3 models
    Edge: 58.6%
    Confidence: 8.0/10
    True Prob: 0.39
    Market Price: $0.97
    Link: https://kalshi.com/markets/KXHIGHCHI-25DEC24-B40.5

#13: KXINX-25DEC26H1600-B6837
    Title: Will the S&P 500 be between 6825 and 6849.9999 on Dec 26, 2025 at 4pm EST?
    Side: NO
    Consensus: 3/3 models
    Edge: 28.6%
    Confidence: 8.3/10
    True Prob: 0.39
    Market Price: $0.98
    Link: https://kalshi.com/markets/KXINX-25DEC26H1600-B6837

======================================================================
CURRENT PORTFOLIO
======================================================================

  KXCPICOMBO-25DEC-027: YES @ $0.35 (681 contracts, $238.35)
  KXCPI-25DEC-T0.2: YES @ $0.45 (525 contracts, $236.25)
  KXGDP-26JAN30-T2.5: YES @ $0.41 (630 contracts, $258.30)
