======================================================================
KALSHI VALUE AGENT - RUN LOG
======================================================================

Timestamp: 2025-12-25 15:18:01
Mode: PAPER
Bankroll: $5,000

MARKETS ANALYZED: 64
QUALIFIED TRADES: 11
EXECUTED TRADES: 0

======================================================================
QUALIFIED TRADES DETAILS
======================================================================

#1: KXGDP-26JAN30-T1.0
    Title: Will **real GDP** increase by more than 1.0% in Q4 2025?
    Side: YES
    Consensus: 3/4 models
    Edge: 10.9%
    Confidence: 7.3/10
    True Prob: 0.77
    Market Price: $0.86
    Link: https://kalshi.com/markets/KXGDP-26JAN30-T1.0

#2: KXGDP-26JAN30-T2.0
    Title: Will **real GDP** increase by more than 2.0% in Q4 2025?
    Side: YES
    Consensus: 4/5 models
    Edge: 12.8%
    Confidence: 7.0/10
    True Prob: 0.69
    Market Price: $0.61
    Link: https://kalshi.com/markets/KXGDP-26JAN30-T2.0

#3: KXCPICOMBO-25DEC-027
    Title: Will CPI be Above 0% AND YOYCPI be Above 2.7% for Dec 2025?
    Side: YES
    Consensus: 3/4 models
    Edge: 48.0%
    Confidence: 6.3/10
    True Prob: 0.47
    Market Price: $0.32
    Link: https://kalshi.com/markets/KXCPICOMBO-25DEC-027

#4: KXGDP-26JAN30-T1.5
    Title: Will **real GDP** increase by more than 1.5% in Q4 2025?
    Side: YES
    Consensus: 3/4 models
    Edge: 9.4%
    Confidence: 7.7/10
    True Prob: 0.80
    Market Price: $0.78
    Link: https://kalshi.com/markets/KXGDP-26JAN30-T1.5

#5: KXGDP-26JAN30-T2.5
    Title: Will **real GDP** increase by more than 2.5% in Q4 2025?
    Side: YES
    Consensus: 4/4 models
    Edge: 29.0%
    Confidence: 6.5/10
    True Prob: 0.57
    Market Price: $0.44
    Link: https://kalshi.com/markets/KXGDP-26JAN30-T2.5

#6: KXHIGHCHI-25DEC25-B44.5
    Title: Will the high temp in Chicago be 44-45° on Dec 25, 2025?
    Side: NO
    Consensus: 3/4 models
    Edge: 61.1%
    Confidence: 7.0/10
    True Prob: 0.53
    Market Price: $0.21
    Link: https://kalshi.com/markets/KXHIGHCHI-25DEC25-B44.5

#7: KXGDP-26JAN30-T1.25
    Title: Will **real GDP** increase by more than 1.25% in Q4 2025?
    Side: YES
    Consensus: 3/4 models
    Edge: 9.6%
    Confidence: 7.3/10
    True Prob: 0.80
    Market Price: $0.84
    Link: https://kalshi.com/markets/KXGDP-26JAN30-T1.25

#8: KXINX-25DEC26H1600-B7012
    Title: Will the S&P 500 be between 7000 and 7024.9999 on Dec 26, 2025 at 4pm EST?
    Side: NO
    Consensus: 3/3 models
    Edge: 57.8%
    Confidence: 8.3/10
    True Prob: 0.41
    Market Price: $0.89
    Link: https://kalshi.com/markets/KXINX-25DEC26H1600-B7012

#9: KXHIGHCHI-25DEC26-B51.5
    Title: Will the high temp in Chicago be 51-52° on Dec 26, 2025?
    Side: NO
    Consensus: 3/3 models
    Edge: 62.3%
    Confidence: 8.0/10
    True Prob: 0.37
    Market Price: $0.99
    Link: https://kalshi.com/markets/KXHIGHCHI-25DEC26-B51.5

#10: KXINX-25DEC26H1600-T7124.9999
    Title: Will the S&P 500 be above 7124.9999 on Dec 26, 2025 at 4pm EST?
    Side: NO
    Consensus: 3/4 models
    Edge: 92.3%
    Confidence: 9.0/10
    True Prob: 0.08
    Market Price: $1.00
    Link: https://kalshi.com/markets/KXINX-25DEC26H1600-T7124.9999

#11: KXINX-25DEC26H1600-B6862
    Title: Will the S&P 500 be between 6850 and 6874.9999 on Dec 26, 2025 at 4pm EST?
    Side: NO
    Consensus: 3/3 models
    Edge: 61.0%
    Confidence: 8.7/10
    True Prob: 0.39
    Market Price: $0.98
    Link: https://kalshi.com/markets/KXINX-25DEC26H1600-B6862

======================================================================
CURRENT PORTFOLIO
======================================================================

  KXCPICOMBO-25DEC-027: YES @ $0.35 (681 contracts, $238.35)
  KXGDP-26JAN30-T2.5: YES @ $0.41 (630 contracts, $258.30)
  KXGDP-26JAN30-T3.0: YES @ $0.21 (874 contracts, $183.54)
  KXCPI-25DEC-T0.2: YES @ $0.14 (1328 contracts, $185.92)
