======================================================================
KALSHI VALUE AGENT - RUN LOG
======================================================================

Timestamp: 2025-12-26 22:31:47
Mode: PAPER
Bankroll: $5,000

MARKETS ANALYZED: 44
QUALIFIED TRADES: 10
EXECUTED TRADES: 0

======================================================================
QUALIFIED TRADES DETAILS
======================================================================

#1: KXHIGHCHI-25DEC26-T49
    Title: Will the high temp in Chicago be <49° on Dec 26, 2025?
    Side: YES
    Consensus: 3/3 models
    Edge: 3130.0%
    Confidence: 8.0/10
    True Prob: 0.35
    Market Price: $0.01
    Link: https://kalshi.com/markets/KXHIGHCHI-25DEC26-T49

#2: KXCPICOMBO-25DEC-0129
    Title: Will CPI be Above 0.1% AND YOYCPI be Above 2.9% for Dec 2025?
    Side: YES
    Consensus: 3/3 models
    Edge: 240.0%
    Confidence: 6.0/10
    True Prob: 0.38
    Market Price: $0.10
    Link: https://kalshi.com/markets/KXCPICOMBO-25DEC-0129

#3: KXCPICOMBO-25DEC-027
    Title: Will CPI be Above 0% AND YOYCPI be Above 2.7% for Dec 2025?
    Side: YES
    Consensus: 3/4 models
    Edge: 57.8%
    Confidence: 6.3/10
    True Prob: 0.47
    Market Price: $0.30
    Link: https://kalshi.com/markets/KXCPICOMBO-25DEC-027

#4: KXCPI-25DEC-T0.2
    Title: Will CPI rise more than 0.2% in December 2025?
    Side: YES
    Consensus: 4/4 models
    Edge: 34.4%
    Confidence: 6.5/10
    True Prob: 0.56
    Market Price: $0.40
    Link: https://kalshi.com/markets/KXCPI-25DEC-T0.2

#5: KXGDP-26JAN30-T2.5
    Title: Will **real GDP** increase by more than 2.5% in Q4 2025?
    Side: YES
    Consensus: 3/3 models
    Edge: 25.0%
    Confidence: 7.0/10
    True Prob: 0.60
    Market Price: $0.48
    Link: https://kalshi.com/markets/KXGDP-26JAN30-T2.5

#6: KXGDP-26JAN30-T3.5
    Title: Will **real GDP** increase by more than 3.5% in Q4 2025?
    Side: YES
    Consensus: 3/4 models
    Edge: 56.5%
    Confidence: 6.3/10
    True Prob: 0.36
    Market Price: $0.21
    Link: https://kalshi.com/markets/KXGDP-26JAN30-T3.5

#7: KXGDP-26JAN30-T1.25
    Title: Will **real GDP** increase by more than 1.25% in Q4 2025?
    Side: YES
    Consensus: 3/4 models
    Edge: 11.1%
    Confidence: 7.3/10
    True Prob: 0.80
    Market Price: $0.90
    Link: https://kalshi.com/markets/KXGDP-26JAN30-T1.25

#8: KXGDP-26JAN30-T1.75
    Title: Will **real GDP** increase by more than 1.75% in Q4 2025?
    Side: YES
    Consensus: 3/4 models
    Edge: 9.6%
    Confidence: 8.0/10
    True Prob: 0.80
    Market Price: $0.73
    Link: https://kalshi.com/markets/KXGDP-26JAN30-T1.75

#9: KXHIGHCHI-25DEC26-T56
    Title: Will the high temp in Chicago be >56° on Dec 26, 2025?
    Side: NO
    Consensus: 3/4 models
    Edge: 59.3%
    Confidence: 8.7/10
    True Prob: 0.40
    Market Price: $0.99
    Link: https://kalshi.com/markets/KXHIGHCHI-25DEC26-T56

#10: KXCPICOMBO-25DEC-0231
    Title: Will CPI be Above 0.2% AND YOYCPI be Above 3.1% for Dec 2025?
    Side: YES
    Consensus: 3/4 models
    Edge: 275.0%
    Confidence: 6.3/10
    True Prob: 0.15
    Market Price: $0.04
    Link: https://kalshi.com/markets/KXCPICOMBO-25DEC-0231

======================================================================
CURRENT PORTFOLIO
======================================================================

  KXCPICOMBO-25DEC-027: YES @ $0.35 (681 contracts, $238.35)
  KXGDP-26JAN30-T2.5: YES @ $0.41 (630 contracts, $258.30)
  KXCPI-25DEC-T0.2: YES @ $0.40 (677 contracts, $270.80)
