======================================================================
KALSHI VALUE AGENT - RUN LOG
======================================================================

Timestamp: 2025-12-24 22:06:19
Mode: PAPER
Bankroll: $5,000

MARKETS ANALYZED: 64
QUALIFIED TRADES: 14
EXECUTED TRADES: 0

======================================================================
QUALIFIED TRADES DETAILS
======================================================================

#1: KXCPICOMBO-25DEC-0129
    Title: Will CPI be Above 0.1% AND YOYCPI be Above 2.9% for Dec 2025?
    Side: YES
    Consensus: 3/3 models
    Edge: 223.3%
    Confidence: 6.0/10
    True Prob: 0.37
    Market Price: $0.10
    Link: https://kalshi.com/markets/KXCPICOMBO-25DEC-0129

#2: KXGDP-26JAN30-T2.0
    Title: Will **real GDP** increase by more than 2.0% in Q4 2025?
    Side: YES
    Consensus: 4/5 models
    Edge: 12.9%
    Confidence: 7.2/10
    True Prob: 0.70
    Market Price: $0.62
    Link: https://kalshi.com/markets/KXGDP-26JAN30-T2.0

#3: KXCPICOMBO-25DEC-027
    Title: Will CPI be Above 0% AND YOYCPI be Above 2.7% for Dec 2025?
    Side: YES
    Consensus: 3/4 models
    Edge: 37.5%
    Confidence: 6.3/10
    True Prob: 0.44
    Market Price: $0.32
    Link: https://kalshi.com/markets/KXCPICOMBO-25DEC-027

#4: KXCPI-25DEC-T0.2
    Title: Will CPI rise more than 0.2% in December 2025?
    Side: YES
    Consensus: 3/3 models
    Edge: 23.2%
    Confidence: 6.7/10
    True Prob: 0.57
    Market Price: $0.46
    Link: https://kalshi.com/markets/KXCPI-25DEC-T0.2

#5: KXGDP-26JAN30-T2.5
    Title: Will **real GDP** increase by more than 2.5% in Q4 2025?
    Side: YES
    Consensus: 4/4 models
    Edge: 29.0%
    Confidence: 6.5/10
    True Prob: 0.57
    Market Price: $0.44
    Link: https://kalshi.com/markets/KXGDP-26JAN30-T2.5

#6: KXHIGHCHI-25DEC24-B42.5
    Title: Will the high temp in Chicago be 42-43째 on Dec 24, 2025?
    Side: NO
    Consensus: 3/4 models
    Edge: 61.0%
    Confidence: 8.7/10
    True Prob: 0.38
    Market Price: $0.99
    Link: https://kalshi.com/markets/KXHIGHCHI-25DEC24-B42.5

#7: KXHIGHCHI-25DEC24-B44.5
    Title: Will the high temp in Chicago be 44-45째 on Dec 24, 2025?
    Side: NO
    Consensus: 3/3 models
    Edge: 94.0%
    Confidence: 8.3/10
    True Prob: 0.05
    Market Price: $0.99
    Link: https://kalshi.com/markets/KXHIGHCHI-25DEC24-B44.5

#8: KXGDP-26JAN30-T3.5
    Title: Will **real GDP** increase by more than 3.5% in Q4 2025?
    Side: NO
    Consensus: 3/4 models
    Edge: 30.4%
    Confidence: 6.7/10
    True Prob: 0.16
    Market Price: $0.88
    Link: https://kalshi.com/markets/KXGDP-26JAN30-T3.5

#9: KXHIGHCHI-25DEC24-B46.5
    Title: Will the high temp in Chicago be 46-47째 on Dec 24, 2025?
    Side: NO
    Consensus: 3/4 models
    Edge: 62.4%
    Confidence: 6.3/10
    True Prob: 0.23
    Market Price: $0.13
    Link: https://kalshi.com/markets/KXHIGHCHI-25DEC24-B46.5

#10: KXGDP-26JAN30-T1.75
    Title: Will **real GDP** increase by more than 1.75% in Q4 2025?
    Side: YES
    Consensus: 3/4 models
    Edge: 10.1%
    Confidence: 7.7/10
    True Prob: 0.75
    Market Price: $0.73
    Link: https://kalshi.com/markets/KXGDP-26JAN30-T1.75

#11: KXGDP-26JAN30-T1.25
    Title: Will **real GDP** increase by more than 1.25% in Q4 2025?
    Side: YES
    Consensus: 3/3 models
    Edge: 9.7%
    Confidence: 7.3/10
    True Prob: 0.80
    Market Price: $0.84
    Link: https://kalshi.com/markets/KXGDP-26JAN30-T1.25

#12: KXINX-25DEC26H1600-B7012
    Title: Will the S&P 500 be between 7000 and 7024.9999 on Dec 26, 2025 at 4pm EST?
    Side: NO
    Consensus: 3/3 models
    Edge: 57.5%
    Confidence: 8.3/10
    True Prob: 0.41
    Market Price: $0.89
    Link: https://kalshi.com/markets/KXINX-25DEC26H1600-B7012

#13: KXHIGHCHI-25DEC25-B42.5
    Title: Will the high temp in Chicago be 42-43째 on Dec 25, 2025?
    Side: YES
    Consensus: 3/3 models
    Edge: 42.9%
    Confidence: 6.3/10
    True Prob: 0.43
    Market Price: $0.35
    Link: https://kalshi.com/markets/KXHIGHCHI-25DEC25-B42.5

#14: KXINX-25DEC26H1600-T7124.9999
    Title: Will the S&P 500 be above 7124.9999 on Dec 26, 2025 at 4pm EST?
    Side: NO
    Consensus: 3/4 models
    Edge: 90.7%
    Confidence: 8.7/10
    True Prob: 0.09
    Market Price: $1.00
    Link: https://kalshi.com/markets/KXINX-25DEC26H1600-T7124.9999

======================================================================
CURRENT PORTFOLIO
======================================================================

  KXCPICOMBO-25DEC-027: YES @ $0.35 (681 contracts, $238.35)
  KXCPI-25DEC-T0.2: YES @ $0.45 (525 contracts, $236.25)
  KXGDP-26JAN30-T2.5: YES @ $0.41 (630 contracts, $258.30)
