======================================================================
KALSHI VALUE AGENT - RUN LOG
======================================================================

Timestamp: 2025-12-26 15:39:29
Mode: PAPER
Bankroll: $5,000

MARKETS ANALYZED: 44
QUALIFIED TRADES: 12
EXECUTED TRADES: 0

======================================================================
QUALIFIED TRADES DETAILS
======================================================================

#1: KXGDP-26JAN30-T1.0
    Title: Will **real GDP** increase by more than 1.0% in Q4 2025?
    Side: YES
    Consensus: 3/4 models
    Edge: 11.4%
    Confidence: 7.3/10
    True Prob: 0.81
    Market Price: $0.88
    Link: https://kalshi.com/markets/KXGDP-26JAN30-T1.0

#2: KXCPICOMBO-25DEC-0129
    Title: Will CPI be Above 0.1% AND YOYCPI be Above 2.9% for Dec 2025?
    Side: YES
    Consensus: 3/4 models
    Edge: 233.3%
    Confidence: 6.0/10
    True Prob: 0.33
    Market Price: $0.10
    Link: https://kalshi.com/markets/KXCPICOMBO-25DEC-0129

#3: KXCPI-25DEC-T0.2
    Title: Will CPI rise more than 0.2% in December 2025?
    Side: YES
    Consensus: 3/3 models
    Edge: 20.6%
    Confidence: 6.3/10
    True Prob: 0.57
    Market Price: $0.47
    Link: https://kalshi.com/markets/KXCPI-25DEC-T0.2

#4: KXGDP-26JAN30-T2.5
    Title: Will **real GDP** increase by more than 2.5% in Q4 2025?
    Side: YES
    Consensus: 4/4 models
    Edge: 17.6%
    Confidence: 6.8/10
    True Prob: 0.57
    Market Price: $0.46
    Link: https://kalshi.com/markets/KXGDP-26JAN30-T2.5

#5: KXGDP-26JAN30-T1.5
    Title: Will **real GDP** increase by more than 1.5% in Q4 2025?
    Side: YES
    Consensus: 3/4 models
    Edge: 9.3%
    Confidence: 7.7/10
    True Prob: 0.80
    Market Price: $0.78
    Link: https://kalshi.com/markets/KXGDP-26JAN30-T1.5

#6: KXHIGHCHI-25DEC26-T49
    Title: Will the high temp in Chicago be <49° on Dec 26, 2025?
    Side: YES
    Consensus: 3/3 models
    Edge: 133.2%
    Confidence: 6.3/10
    True Prob: 0.43
    Market Price: $0.18
    Link: https://kalshi.com/markets/KXHIGHCHI-25DEC26-T49

#7: KXGDP-26JAN30-T1.75
    Title: Will **real GDP** increase by more than 1.75% in Q4 2025?
    Side: YES
    Consensus: 3/4 models
    Edge: 10.0%
    Confidence: 7.7/10
    True Prob: 0.75
    Market Price: $0.73
    Link: https://kalshi.com/markets/KXGDP-26JAN30-T1.75

#8: KXHIGHCHI-25DEC26-T56
    Title: Will the high temp in Chicago be >56° on Dec 26, 2025?
    Side: NO
    Consensus: 3/4 models
    Edge: 61.0%
    Confidence: 9.0/10
    True Prob: 0.38
    Market Price: $0.99
    Link: https://kalshi.com/markets/KXHIGHCHI-25DEC26-T56

#9: KXGDP-26JAN30-T1.25
    Title: Will **real GDP** increase by more than 1.25% in Q4 2025?
    Side: YES
    Consensus: 3/4 models
    Edge: 9.4%
    Confidence: 7.3/10
    True Prob: 0.80
    Market Price: $0.84
    Link: https://kalshi.com/markets/KXGDP-26JAN30-T1.25

#10: KXHIGHCHI-25DEC27-T52
    Title: Will the high temp in Chicago be >52° on Dec 27, 2025?
    Side: NO
    Consensus: 3/4 models
    Edge: 29.9%
    Confidence: 6.3/10
    True Prob: 0.37
    Market Price: $0.97
    Link: https://kalshi.com/markets/KXHIGHCHI-25DEC27-T52

#11: KXHIGHCHI-25DEC27-T45
    Title: Will the high temp in Chicago be <45° on Dec 27, 2025?
    Side: YES
    Consensus: 4/4 models
    Edge: 604.5%
    Confidence: 6.2/10
    True Prob: 0.22
    Market Price: $0.02
    Link: https://kalshi.com/markets/KXHIGHCHI-25DEC27-T45

#12: KXHIGHCHI-25DEC27-B45.5
    Title: Will the high temp in Chicago be 45-46° on Dec 27, 2025?
    Side: NO
    Consensus: 3/3 models
    Edge: 56.0%
    Confidence: 8.0/10
    True Prob: 0.41
    Market Price: $0.97
    Link: https://kalshi.com/markets/KXHIGHCHI-25DEC27-B45.5

======================================================================
CURRENT PORTFOLIO
======================================================================

  KXCPICOMBO-25DEC-027: YES @ $0.35 (681 contracts, $238.35)
  KXGDP-26JAN30-T2.5: YES @ $0.41 (630 contracts, $258.30)
