======================================================================
KALSHI VALUE AGENT - RUN LOG
======================================================================

Timestamp: 2025-12-24 16:13:59
Mode: PAPER
Bankroll: $5,000

MARKETS ANALYZED: 84
QUALIFIED TRADES: 9
EXECUTED TRADES: 0

======================================================================
QUALIFIED TRADES DETAILS
======================================================================

#1: KXGDP-26JAN30-T3.0
    Title: Will **real GDP** increase by more than 3.0% in Q4 2025?
    Side: YES
    Consensus: 3/4 models
    Edge: 47.9%
    Confidence: 6.3/10
    True Prob: 0.38
    Market Price: $0.23
    Link: https://kalshi.com/markets/KXGDP-26JAN30-T3.0

#2: KXCPICOMBO-25DEC-027
    Title: Will CPI be Above 0% AND YOYCPI be Above 2.7% for Dec 2025?
    Side: YES
    Consensus: 3/4 models
    Edge: 43.3%
    Confidence: 6.3/10
    True Prob: 0.47
    Market Price: $0.33
    Link: https://kalshi.com/markets/KXCPICOMBO-25DEC-027

#3: KXCPI-25DEC-T0.3
    Title: Will CPI rise more than 0.3% in December 2025?
    Side: YES
    Consensus: 3/3 models
    Edge: 89.0%
    Confidence: 6.0/10
    True Prob: 0.33
    Market Price: $0.15
    Link: https://kalshi.com/markets/KXCPI-25DEC-T0.3

#4: KXGDP-26JAN30-T1.5
    Title: Will **real GDP** increase by more than 1.5% in Q4 2025?
    Side: YES
    Consensus: 3/4 models
    Edge: 10.0%
    Confidence: 7.3/10
    True Prob: 0.75
    Market Price: $0.80
    Link: https://kalshi.com/markets/KXGDP-26JAN30-T1.5

#5: KXGDP-26JAN30-T2.5
    Title: Will **real GDP** increase by more than 2.5% in Q4 2025?
    Side: YES
    Consensus: 3/3 models
    Edge: 21.5%
    Confidence: 6.7/10
    True Prob: 0.58
    Market Price: $0.48
    Link: https://kalshi.com/markets/KXGDP-26JAN30-T2.5

#6: KXGDP-26JAN30-T1.75
    Title: Will **real GDP** increase by more than 1.75% in Q4 2025?
    Side: YES
    Consensus: 4/5 models
    Edge: 10.9%
    Confidence: 7.0/10
    True Prob: 0.72
    Market Price: $0.70
    Link: https://kalshi.com/markets/KXGDP-26JAN30-T1.75

#7: KXHIGHCHI-25DEC24-B42.5
    Title: Will the high temp in Chicago be 42-43° on Dec 24, 2025?
    Side: NO
    Consensus: 3/4 models
    Edge: 61.0%
    Confidence: 9.0/10
    True Prob: 0.38
    Market Price: $0.99
    Link: https://kalshi.com/markets/KXHIGHCHI-25DEC24-B42.5

#8: KXHIGHCHI-25DEC25-T47
    Title: Will the high temp in Chicago be >47° on Dec 25, 2025?
    Side: YES
    Consensus: 3/4 models
    Edge: 511.1%
    Confidence: 6.7/10
    True Prob: 0.18
    Market Price: $0.03
    Link: https://kalshi.com/markets/KXHIGHCHI-25DEC25-T47

#9: KXINX-25DEC26H1600-B6862
    Title: Will the S&P 500 be between 6850 and 6874.9999 on Dec 26, 2025 at 4pm EST?
    Side: NO
    Consensus: 3/3 models
    Edge: 63.0%
    Confidence: 8.7/10
    True Prob: 0.37
    Market Price: $0.99
    Link: https://kalshi.com/markets/KXINX-25DEC26H1600-B6862

======================================================================
CURRENT PORTFOLIO
======================================================================

  KXCPICOMBO-25DEC-027: YES @ $0.35 (681 contracts, $238.35)
  KXCPI-25DEC-T0.2: YES @ $0.45 (525 contracts, $236.25)
  KXGDP-26JAN30-T2.5: YES @ $0.41 (630 contracts, $258.30)
